Log file open, 06/22/23 14:50:19
LogWindows: Failed to load 'aqProf.dll' (GetLastError=126)
LogWindows: File 'aqProf.dll' does not exist
LogWindows: Failed to load 'VtuneApi.dll' (GetLastError=126)
LogWindows: File 'VtuneApi.dll' does not exist
LogWindows: Failed to load 'VtuneApi32e.dll' (GetLastError=126)
LogWindows: File 'VtuneApi32e.dll' does not exist
LogConsoleResponse: Display: Failed to find resolution value strings in scalability ini. Falling back to default.
LogConsoleResponse: Display: Failed to find resolution value strings in scalability ini. Falling back to default.
LogInit: Display: Running engine for game: Snake2D
LogPlatformFile: Not using cached read wrapper
LogTaskGraph: Started task graph with 5 named threads and 35 total threads with 3 sets of task threads.
LogStats: Stats thread started at 0.282791
LogICUInternationalization: ICU TimeZone Detection - Raw Offset: +3:00, Platform Override: ''
LogInit: Display: Loading text-based GConfig....
LogPluginManager: Mounting plugin MeshPainting
LogPluginManager: Mounting plugin XGEController
LogPluginManager: Mounting plugin Paper2D
LogPluginManager: Mounting plugin LiveLink
LogPluginManager: Mounting plugin AISupport
LogPluginManager: Mounting plugin EnvironmentQueryEditor
LogPluginManager: Mounting plugin GameplayCameras
LogPluginManager: Mounting plugin AnimationSharing
LogPluginManager: Mounting plugin CameraShakePreviewer
LogPluginManager: Mounting plugin CLionSourceCodeAccess
LogPluginManager: Mounting plugin KDevelopSourceCodeAccess
LogPluginManager: Mounting plugin GitSourceControl
LogPluginManager: Mounting plugin CodeLiteSourceCodeAccess
LogPluginManager: Mounting plugin NullSourceCodeAccess
LogPluginManager: Mounting plugin PerforceSourceControl
LogPluginManager: Mounting plugin PixWinPlugin
LogPluginManager: Mounting plugin PluginUtils
LogPluginManager: Mounting plugin PropertyAccessNode
LogPluginManager: Mounting plugin PlasticSourceControl
LogPluginManager: Mounting plugin RiderSourceCodeAccess
LogPluginManager: Mounting plugin SubversionSourceControl
LogPluginManager: Mounting plugin TextureFormatOodle
LogPluginManager: Mounting plugin UObjectPlugin
LogPluginManager: Mounting plugin VisualStudioCodeSourceCodeAccess
LogPluginManager: Mounting plugin OodleData
LogPluginManager: Mounting plugin XCodeSourceCodeAccess
LogPluginManager: Mounting plugin AlembicImporter
LogPluginManager: Mounting plugin VisualStudioSourceCodeAccess
LogPluginManager: Mounting plugin BackChannel
LogPluginManager: Mounting plugin AutomationUtils
LogPluginManager: Mounting plugin AssetManagerEditor
LogPluginManager: Mounting plugin Niagara
LogPluginManager: Mounting plugin ChaosClothEditor
LogPluginManager: Mounting plugin ChaosEditor
LogPluginManager: Mounting plugin DatasmithContent
LogPluginManager: Mounting plugin OodleNetwork
LogPluginManager: Mounting plugin ChaosSolverPlugin
LogPluginManager: Mounting plugin ChaosNiagara
LogPluginManager: Mounting plugin CharacterAI
LogPluginManager: Mounting plugin ChaosCloth
LogPluginManager: Mounting plugin GeometryCache
LogPluginManager: Mounting plugin GeometryCollectionPlugin
LogPluginManager: Mounting plugin CryptoKeys
LogPluginManager: Mounting plugin CurveEditorTools
LogPluginManager: Mounting plugin DataValidation
LogPluginManager: Mounting plugin FacialAnimation
LogPluginManager: Mounting plugin GameplayTagsEditor
LogPluginManager: Mounting plugin GeometryMode
LogPluginManager: Mounting plugin MacGraphicsSwitching
LogPluginManager: Mounting plugin MaterialAnalyzer
LogPluginManager: Mounting plugin PluginBrowser
LogPluginManager: Mounting plugin SpeedTreeImporter
LogPluginManager: Mounting plugin GeometryProcessing
LogPluginManager: Mounting plugin VariantManagerContent
LogPluginManager: Mounting plugin MotoSynth
LogPluginManager: Mounting plugin OpenImageDenoise
LogPluginManager: Mounting plugin PlanarCut
LogPluginManager: Mounting plugin PlatformCrypto
LogPluginManager: Mounting plugin ProxyLODPlugin
LogPluginManager: Mounting plugin PythonScriptPlugin
LogPluginManager: Mounting plugin SkeletalReduction
LogPluginManager: Mounting plugin MobileLauncherProfileWizard
LogPluginManager: Mounting plugin LuminPlatformFeatures
LogPluginManager: Mounting plugin MagicLeap
LogPluginManager: Mounting plugin AndroidMedia
LogPluginManager: Mounting plugin AvfMedia
LogPluginManager: Mounting plugin MagicLeapLightEstimation
LogPluginManager: Mounting plugin MagicLeapMedia
LogPluginManager: Mounting plugin MagicLeapPassableWorld
LogPluginManager: Mounting plugin MLSDK
LogPluginManager: Mounting plugin ImgMedia
LogPluginManager: Mounting plugin MediaCompositing
LogPluginManager: Mounting plugin MediaPlayerEditor
LogPluginManager: Mounting plugin WmfMedia
LogPluginManager: Mounting plugin TcpMessaging
LogPluginManager: Mounting plugin WebMMedia
LogPluginManager: Mounting plugin ActorSequence
LogPluginManager: Mounting plugin LevelSequenceEditor
LogPluginManager: Mounting plugin UdpMessaging
LogPluginManager: Mounting plugin TemplateSequence
LogPluginManager: Mounting plugin MatineeToLevelSequence
LogPluginManager: Mounting plugin OnlineSubsystem
LogPluginManager: Mounting plugin LauncherChunkInstaller
LogPluginManager: Mounting plugin OnlineSubsystemNull
LogPluginManager: Mounting plugin OnlineSubsystemUtils
LogPluginManager: Mounting plugin ActorLayerUtilities
LogPluginManager: Mounting plugin AndroidMoviePlayer
LogPluginManager: Mounting plugin AndroidDeviceProfileSelector
LogPluginManager: Mounting plugin AndroidPermission
LogPluginManager: Mounting plugin AppleMoviePlayer
LogPluginManager: Mounting plugin AppleImageUtils
LogPluginManager: Mounting plugin ArchVisCharacter
LogPluginManager: Mounting plugin AssetTags
LogPluginManager: Mounting plugin AudioCapture
LogPluginManager: Mounting plugin AudioSynesthesia
LogPluginManager: Mounting plugin ChunkDownloader
LogPluginManager: Mounting plugin CustomMeshComponent
LogPluginManager: Mounting plugin CableComponent
LogPluginManager: Mounting plugin ScreenshotTools
LogPluginManager: Mounting plugin EditableMesh
LogPluginManager: Mounting plugin ExampleDeviceProfileSelector
LogPluginManager: Mounting plugin GoogleCloudMessaging
LogPluginManager: Mounting plugin GooglePAD
LogPluginManager: Mounting plugin LinuxDeviceProfileSelector
LogPluginManager: Mounting plugin LocationServicesBPLibrary
LogPluginManager: Mounting plugin IOSDeviceProfileSelector
LogPluginManager: Mounting plugin MobilePatchingUtils
LogPluginManager: Mounting plugin OpenXR
LogPluginManager: Mounting plugin OpenXREyeTracker
LogPluginManager: Mounting plugin OpenXRHandTracking
LogPluginManager: Mounting plugin PhysXVehicles
LogPluginManager: Mounting plugin PostSplashScreen
LogPluginManager: Mounting plugin ProceduralMeshComponent
LogPluginManager: Mounting plugin PropertyAccessEditor
LogPluginManager: Mounting plugin SignificanceManager
LogPluginManager: Mounting plugin RuntimePhysXCooking
LogPluginManager: Mounting plugin SoundFields
LogPluginManager: Mounting plugin Takes
LogPluginManager: Mounting plugin Synthesis
LogPluginManager: Mounting plugin WebMMoviePlayer
LogPluginManager: Mounting plugin WindowsMoviePlayer
LogPluginManager: Mounting plugin LightPropagationVolume
LogPluginManager: Mounting plugin ContentBrowserAssetDataSource
LogPluginManager: Mounting plugin ContentBrowserFileDataSource
LogPluginManager: Mounting plugin ContentBrowserClassDataSource
LogPluginManager: Mounting plugin OnlineSubsystemGooglePlay
LogPluginManager: Mounting plugin OnlineSubsystemIOS
LogPluginManager: Mounting plugin OculusVR
LogPluginManager: Mounting plugin SteamVR
PixWinPlugin: PIX capture plugin failed to initialize! Check that the process is launched from PIX.
LogInit: Using libcurl 7.55.1-DEV
LogInit:  - built for x86_64-pc-win32
LogInit:  - supports SSL with OpenSSL/1.1.1
LogInit:  - supports HTTP deflate (compression) using libz 1.2.8
LogInit:  - other features:
LogInit:      CURL_VERSION_SSL
LogInit:      CURL_VERSION_LIBZ
LogInit:      CURL_VERSION_IPV6
LogInit:      CURL_VERSION_ASYNCHDNS
LogInit:      CURL_VERSION_LARGEFILE
LogInit:      CURL_VERSION_IDN
LogInit:  CurlRequestOptions (configurable via config and command line):
LogInit:  - bVerifyPeer = true  - Libcurl will verify peer certificate
LogInit:  - bUseHttpProxy = false  - Libcurl will NOT use HTTP proxy
LogInit:  - bDontReuseConnections = false  - Libcurl will reuse connections
LogInit:  - MaxHostConnections = 16  - Libcurl will limit the number of connections to a host
LogInit:  - LocalHostAddr = Default
LogInit:  - BufferSize = 65536
LogOnline: OSS: Creating online subsystem instance for: NULL
LogInit: WinSock: version 1.1 (2.2), MaxSocks=32767, MaxUdp=65467
LogOnline: OSS: TryLoadSubsystemAndSetDefault: Loaded subsystem for module [NULL]
LogOculusPluginWrapper: OculusPlugin initialized successfully
LogHMD: Failed initializing OVRPlugin 1.59.0
LogInit: Build: ++UE4+Release-4.27-CL-18319896
LogInit: Engine Version: 4.27.2-18319896+++UE4+Release-4.27
LogInit: Compatible Engine Version: 4.27.0-17155196+++UE4+Release-4.27
LogInit: Net CL: 17155196
LogInit: OS: Windows 10 (Release 2009) (), CPU: AMD Ryzen 5 3600 6-Core Processor              , GPU: AMD Radeon RX 6600 XT
LogInit: Compiled (64-bit): Nov 30 2021 07:12:08
LogInit: Compiled with Visual C++: 19.24.28315.00
LogInit: Build Configuration: Development
LogInit: Branch Name: ++UE4+Release-4.27
LogInit: Command Line:  /Game/Maps/Gameplay -game -PIEVIACONSOLE -Multiprocess GameUserSettingsINI=C:/Users/Nastya/Snake/Snake2D/Saved/Config/Windows/PIEGameUserSettings0.ini -MultiprocessSaveConfig -forcepassthrough -messaging -SessionName="Play in Standalone Game" -windowed -ResX=1280 -ResY=720
LogInit: Base Directory: G:/UE_4.27/Engine/Binaries/Win64/
LogInit: Allocator: TBB
LogInit: Installed Engine Build: 1
LogDevObjectVersion: Number of dev versions registered: 29
LogDevObjectVersion:   Dev-Blueprints (B0D832E4-1F89-4F0D-ACCF-7EB736FD4AA2): 10
LogDevObjectVersion:   Dev-Build (E1C64328-A22C-4D53-A36C-8E866417BD8C): 0
LogDevObjectVersion:   Dev-Core (375EC13C-06E4-48FB-B500-84F0262A717E): 4
LogDevObjectVersion:   Dev-Editor (E4B068ED-F494-42E9-A231-DA0B2E46BB41): 40
LogDevObjectVersion:   Dev-Framework (CFFC743F-43B0-4480-9391-14DF171D2073): 37
LogDevObjectVersion:   Dev-Mobile (B02B49B5-BB20-44E9-A304-32B752E40360): 3
LogDevObjectVersion:   Dev-Networking (A4E4105C-59A1-49B5-A7C5-40C4547EDFEE): 0
LogDevObjectVersion:   Dev-Online (39C831C9-5AE6-47DC-9A44-9C173E1C8E7C): 0
LogDevObjectVersion:   Dev-Physics (78F01B33-EBEA-4F98-B9B4-84EACCB95AA2): 14
LogDevObjectVersion:   Dev-Platform (6631380F-2D4D-43E0-8009-CF276956A95A): 0
LogDevObjectVersion:   Dev-Rendering (12F88B9F-8875-4AFC-A67C-D90C383ABD29): 45
LogDevObjectVersion:   Dev-Sequencer (7B5AE74C-D270-4C10-A958-57980B212A5A): 13
LogDevObjectVersion:   Dev-VR (D7296918-1DD6-4BDD-9DE2-64A83CC13884): 3
LogDevObjectVersion:   Dev-LoadTimes (C2A15278-BFE7-4AFE-6C17-90FF531DF755): 1
LogDevObjectVersion:   Private-Geometry (6EACA3D4-40EC-4CC1-B786-8BED09428FC5): 3
LogDevObjectVersion:   Dev-AnimPhys (29E575DD-E0A3-4627-9D10-D276232CDCEA): 17
LogDevObjectVersion:   Dev-Anim (AF43A65D-7FD3-4947-9873-3E8ED9C1BB05): 15
LogDevObjectVersion:   Dev-ReflectionCapture (6B266CEC-1EC7-4B8F-A30B-E4D90942FC07): 1
LogDevObjectVersion:   Dev-Automation (0DF73D61-A23F-47EA-B727-89E90C41499A): 1
LogDevObjectVersion:   FortniteMain (601D1886-AC64-4F84-AA16-D3DE0DEAC7D6): 47
LogDevObjectVersion:   FortniteRelease (E7086368-6B23-4C58-8439-1B7016265E91): 1
LogDevObjectVersion:   Dev-Enterprise (9DFFBCD6-494F-0158-E221-12823C92A888): 10
LogDevObjectVersion:   Dev-Niagara (F2AED0AC-9AFE-416F-8664-AA7FFA26D6FC): 1
LogDevObjectVersion:   Dev-Destruction (174F1F0B-B4C6-45A5-B13F-2EE8D0FB917D): 10
LogDevObjectVersion:   Dev-Physics-Ext (35F94A83-E258-406C-A318-09F59610247C): 41
LogDevObjectVersion:   Dev-PhysicsMaterial-Chaos (B68FC16E-8B1B-42E2-B453-215C058844FE): 1
LogDevObjectVersion:   Dev-CineCamera (B2E18506-4273-CFC2-A54E-F4BB758BBA07): 1
LogDevObjectVersion:   Dev-VirtualProduction (64F58936-FD1B-42BA-BA96-7289D5D0FA4E): 1
LogDevObjectVersion:   Dev-MediaFramework (6F0ED827-A609-4895-9C91-998D90180EA4): 2
LogInit: Presizing for max 25165824 objects, including 0 objects not considered by GC, pre-allocating 0 bytes for permanent pool.
LogConfig: Applying CVar settings from Section [/Script/Engine.StreamingSettings] File [C:/Users/Nastya/Snake/Snake2D/Saved/Config/Windows/Engine.ini]
LogConfig: Setting CVar [[s.MinBulkDataSizeForAsyncLoading:131072]]
LogConfig: Setting CVar [[s.AsyncLoadingThreadEnabled:0]]
LogConfig: Setting CVar [[s.EventDrivenLoaderEnabled:1]]
LogConfig: Setting CVar [[s.WarnIfTimeLimitExceeded:0]]
LogConfig: Setting CVar [[s.TimeLimitExceededMultiplier:1.5]]
LogConfig: Setting CVar [[s.TimeLimitExceededMinTime:0.005]]
LogConfig: Setting CVar [[s.UseBackgroundLevelStreaming:1]]
LogConfig: Setting CVar [[s.PriorityAsyncLoadingExtraTime:15.0]]
LogConfig: Setting CVar [[s.LevelStreamingActorsUpdateTimeLimit:5.0]]
LogConfig: Setting CVar [[s.PriorityLevelStreamingActorsUpdateExtraTime:5.0]]
LogConfig: Setting CVar [[s.LevelStreamingComponentsRegistrationGranularity:10]]
LogConfig: Setting CVar [[s.UnregisterComponentsTimeLimit:1.0]]
LogConfig: Setting CVar [[s.LevelStreamingComponentsUnregistrationGranularity:5]]
LogConfig: Setting CVar [[s.FlushStreamingOnExit:1]]
LogInit: Object subsystem initialized
LogConfig: Setting CVar [[con.DebugEarlyDefault:1]]
LogConfig: Setting CVar [[r.setres:1280x720]]
[2023.06.22-11.50.19:502][  0]LogConfig: Setting CVar [[con.DebugEarlyDefault:1]]
[2023.06.22-11.50.19:502][  0]LogConfig: Setting CVar [[r.setres:1280x720]]
[2023.06.22-11.50.19:502][  0]LogConfig: Applying CVar settings from Section [/Script/Engine.RendererSettings] File [C:/Users/Nastya/Snake/Snake2D/Saved/Config/Windows/Engine.ini]
[2023.06.22-11.50.19:502][  0]LogConfig: Setting CVar [[r.GPUCrashDebugging:0]]
[2023.06.22-11.50.19:502][  0]LogConfig: Applying CVar settings from Section [/Script/Engine.RendererOverrideSettings] File [C:/Users/Nastya/Snake/Snake2D/Saved/Config/Windows/Engine.ini]
[2023.06.22-11.50.19:502][  0]LogConfig: Applying CVar settings from Section [/Script/Engine.StreamingSettings] File [C:/Users/Nastya/Snake/Snake2D/Saved/Config/Windows/Engine.ini]
[2023.06.22-11.50.19:502][  0]LogConfig: Setting CVar [[s.MinBulkDataSizeForAsyncLoading:131072]]
[2023.06.22-11.50.19:502][  0]LogConfig: Setting CVar [[s.AsyncLoadingThreadEnabled:0]]
[2023.06.22-11.50.19:502][  0]LogConfig: Setting CVar [[s.EventDrivenLoaderEnabled:1]]
[2023.06.22-11.50.19:502][  0]LogConfig: Setting CVar [[s.WarnIfTimeLimitExceeded:0]]
[2023.06.22-11.50.19:502][  0]LogConfig: Setting CVar [[s.TimeLimitExceededMultiplier:1.5]]
[2023.06.22-11.50.19:502][  0]LogConfig: Setting CVar [[s.TimeLimitExceededMinTime:0.005]]
[2023.06.22-11.50.19:502][  0]LogConfig: Setting CVar [[s.UseBackgroundLevelStreaming:1]]
[2023.06.22-11.50.19:502][  0]LogConfig: Setting CVar [[s.PriorityAsyncLoadingExtraTime:15.0]]
[2023.06.22-11.50.19:502][  0]LogConfig: Setting CVar [[s.LevelStreamingActorsUpdateTimeLimit:5.0]]
[2023.06.22-11.50.19:502][  0]LogConfig: Setting CVar [[s.PriorityLevelStreamingActorsUpdateExtraTime:5.0]]
[2023.06.22-11.50.19:502][  0]LogConfig: Setting CVar [[s.LevelStreamingComponentsRegistrationGranularity:10]]
[2023.06.22-11.50.19:502][  0]LogConfig: Setting CVar [[s.UnregisterComponentsTimeLimit:1.0]]
[2023.06.22-11.50.19:502][  0]LogConfig: Setting CVar [[s.LevelStreamingComponentsUnregistrationGranularity:5]]
[2023.06.22-11.50.19:502][  0]LogConfig: Setting CVar [[s.FlushStreamingOnExit:1]]
[2023.06.22-11.50.19:502][  0]LogConfig: Applying CVar settings from Section [/Script/Engine.GarbageCollectionSettings] File [C:/Users/Nastya/Snake/Snake2D/Saved/Config/Windows/Engine.ini]
[2023.06.22-11.50.19:502][  0]LogConfig: Setting CVar [[gc.MaxObjectsNotConsideredByGC:1]]
[2023.06.22-11.50.19:502][  0]LogConfig: Setting CVar [[gc.SizeOfPermanentObjectPool:0]]
[2023.06.22-11.50.19:502][  0]LogConfig: Setting CVar [[gc.FlushStreamingOnGC:0]]
[2023.06.22-11.50.19:502][  0]LogConfig: Setting CVar [[gc.NumRetriesBeforeForcingGC:10]]
[2023.06.22-11.50.19:502][  0]LogConfig: Setting CVar [[gc.AllowParallelGC:1]]
[2023.06.22-11.50.19:502][  0]LogConfig: Setting CVar [[gc.TimeBetweenPurgingPendingKillObjects:61.1]]
[2023.06.22-11.50.19:502][  0]LogConfig: Setting CVar [[gc.MaxObjectsInEditor:25165824]]
[2023.06.22-11.50.19:502][  0]LogConfig: Setting CVar [[gc.IncrementalBeginDestroyEnabled:1]]
[2023.06.22-11.50.19:502][  0]LogConfig: Setting CVar [[gc.CreateGCClusters:1]]
[2023.06.22-11.50.19:502][  0]LogConfig: Setting CVar [[gc.MinGCClusterSize:5]]
[2023.06.22-11.50.19:502][  0]LogConfig: Setting CVar [[gc.ActorClusteringEnabled:0]]
[2023.06.22-11.50.19:502][  0]LogConfig: Setting CVar [[gc.BlueprintClusteringEnabled:0]]
[2023.06.22-11.50.19:502][  0]LogConfig: Setting CVar [[gc.UseDisregardForGCOnDedicatedServers:0]]
[2023.06.22-11.50.19:502][  0]LogConfig: Setting CVar [[gc.MultithreadedDestructionEnabled:1]]
[2023.06.22-11.50.19:502][  0]LogConfig: Applying CVar settings from Section [/Script/Engine.NetworkSettings] File [C:/Users/Nastya/Snake/Snake2D/Saved/Config/Windows/Engine.ini]
[2023.06.22-11.50.19:502][  0]LogConfig: Applying CVar settings from Section [/Script/UnrealEd.CookerSettings] File [C:/Users/Nastya/Snake/Snake2D/Saved/Config/Windows/Engine.ini]
[2023.06.22-11.50.19:514][  0]LogConfig: Applying CVar settings from Section [ViewDistanceQuality@3] File [C:/Users/Nastya/Snake/Snake2D/Saved/Config/Windows/Scalability.ini]
[2023.06.22-11.50.19:514][  0]LogConfig: Setting CVar [[r.SkeletalMeshLODBias:0]]
[2023.06.22-11.50.19:514][  0]LogConfig: Setting CVar [[r.ViewDistanceScale:1.0]]
[2023.06.22-11.50.19:514][  0]LogConfig: Applying CVar settings from Section [AntiAliasingQuality@3] File [C:/Users/Nastya/Snake/Snake2D/Saved/Config/Windows/Scalability.ini]
[2023.06.22-11.50.19:514][  0]LogConfig: Setting CVar [[r.PostProcessAAQuality:4]]
[2023.06.22-11.50.19:514][  0]LogConfig: Applying CVar settings from Section [ShadowQuality@3] File [C:/Users/Nastya/Snake/Snake2D/Saved/Config/Windows/Scalability.ini]
[2023.06.22-11.50.19:514][  0]LogConfig: Setting CVar [[r.LightFunctionQuality:1]]
[2023.06.22-11.50.19:514][  0]LogConfig: Setting CVar [[r.ShadowQuality:5]]
[2023.06.22-11.50.19:514][  0]LogConfig: Setting CVar [[r.Shadow.CSM.MaxCascades:10]]
[2023.06.22-11.50.19:514][  0]LogConfig: Setting CVar [[r.Shadow.MaxResolution:2048]]
[2023.06.22-11.50.19:514][  0]LogConfig: Setting CVar [[r.Shadow.MaxCSMResolution:2048]]
[2023.06.22-11.50.19:514][  0]LogConfig: Setting CVar [[r.Shadow.RadiusThreshold:0.01]]
[2023.06.22-11.50.19:515][  0]LogConfig: Setting CVar [[r.Shadow.DistanceScale:1.0]]
[2023.06.22-11.50.19:515][  0]LogConfig: Setting CVar [[r.Shadow.CSM.TransitionScale:1.0]]
[2023.06.22-11.50.19:515][  0]LogConfig: Setting CVar [[r.Shadow.PreShadowResolutionFactor:1.0]]
[2023.06.22-11.50.19:515][  0]LogConfig: Setting CVar [[r.DistanceFieldShadowing:1]]
[2023.06.22-11.50.19:515][  0]LogConfig: Setting CVar [[r.DistanceFieldAO:1]]
[2023.06.22-11.50.19:515][  0]LogConfig: Setting CVar [[r.AOQuality:2]]
[2023.06.22-11.50.19:515][  0]LogConfig: Setting CVar [[r.VolumetricFog:1]]
[2023.06.22-11.50.19:515][  0]LogConfig: Setting CVar [[r.VolumetricFog.GridPixelSize:8]]
[2023.06.22-11.50.19:515][  0]LogConfig: Setting CVar [[r.VolumetricFog.GridSizeZ:128]]
[2023.06.22-11.50.19:515][  0]LogConfig: Setting CVar [[r.VolumetricFog.HistoryMissSupersampleCount:4]]
[2023.06.22-11.50.19:515][  0]LogConfig: Setting CVar [[r.LightMaxDrawDistanceScale:1]]
[2023.06.22-11.50.19:515][  0]LogConfig: Setting CVar [[r.CapsuleShadows:1]]
[2023.06.22-11.50.19:515][  0]LogConfig: Applying CVar settings from Section [PostProcessQuality@3] File [C:/Users/Nastya/Snake/Snake2D/Saved/Config/Windows/Scalability.ini]
[2023.06.22-11.50.19:515][  0]LogConfig: Setting CVar [[r.MotionBlurQuality:4]]
[2023.06.22-11.50.19:515][  0]LogConfig: Setting CVar [[r.AmbientOcclusionMipLevelFactor:0.4]]
[2023.06.22-11.50.19:515][  0]LogConfig: Setting CVar [[r.AmbientOcclusionMaxQuality:100]]
[2023.06.22-11.50.19:515][  0]LogConfig: Setting CVar [[r.AmbientOcclusionLevels:-1]]
[2023.06.22-11.50.19:515][  0]LogConfig: Setting CVar [[r.AmbientOcclusionRadiusScale:1.0]]
[2023.06.22-11.50.19:515][  0]LogConfig: Setting CVar [[r.DepthOfFieldQuality:2]]
[2023.06.22-11.50.19:515][  0]LogConfig: Setting CVar [[r.RenderTargetPoolMin:400]]
[2023.06.22-11.50.19:515][  0]LogConfig: Setting CVar [[r.LensFlareQuality:2]]
[2023.06.22-11.50.19:515][  0]LogConfig: Setting CVar [[r.SceneColorFringeQuality:1]]
[2023.06.22-11.50.19:515][  0]LogConfig: Setting CVar [[r.EyeAdaptationQuality:2]]
[2023.06.22-11.50.19:515][  0]LogConfig: Setting CVar [[r.BloomQuality:5]]
[2023.06.22-11.50.19:515][  0]LogConfig: Setting CVar [[r.FastBlurThreshold:100]]
[2023.06.22-11.50.19:515][  0]LogConfig: Setting CVar [[r.Upscale.Quality:3]]
[2023.06.22-11.50.19:515][  0]LogConfig: Setting CVar [[r.Tonemapper.GrainQuantization:1]]
[2023.06.22-11.50.19:515][  0]LogConfig: Setting CVar [[r.LightShaftQuality:1]]
[2023.06.22-11.50.19:515][  0]LogConfig: Setting CVar [[r.Filter.SizeScale:1]]
[2023.06.22-11.50.19:515][  0]LogConfig: Setting CVar [[r.Tonemapper.Quality:5]]
[2023.06.22-11.50.19:515][  0]LogConfig: Setting CVar [[r.DOF.Gather.AccumulatorQuality:1        ; higher gathering accumulator quality]]
[2023.06.22-11.50.19:515][  0]LogConfig: Setting CVar [[r.DOF.Gather.PostfilterMethod:1          ; Median3x3 postfilering method]]
[2023.06.22-11.50.19:515][  0]LogConfig: Setting CVar [[r.DOF.Gather.EnableBokehSettings:0       ; no bokeh simulation when gathering]]
[2023.06.22-11.50.19:515][  0]LogConfig: Setting CVar [[r.DOF.Gather.RingCount:4                 ; medium number of samples when gathering]]
[2023.06.22-11.50.19:515][  0]LogConfig: Setting CVar [[r.DOF.Scatter.ForegroundCompositing:1    ; additive foreground scattering]]
[2023.06.22-11.50.19:515][  0]LogConfig: Setting CVar [[r.DOF.Scatter.BackgroundCompositing:2    ; additive background scattering]]
[2023.06.22-11.50.19:515][  0]LogConfig: Setting CVar [[r.DOF.Scatter.EnableBokehSettings:1      ; bokeh simulation when scattering]]
[2023.06.22-11.50.19:515][  0]LogConfig: Setting CVar [[r.DOF.Scatter.MaxSpriteRatio:0.1         ; only a maximum of 10% of scattered bokeh]]
[2023.06.22-11.50.19:515][  0]LogConfig: Setting CVar [[r.DOF.Recombine.Quality:1                ; cheap slight out of focus]]
[2023.06.22-11.50.19:515][  0]LogConfig: Setting CVar [[r.DOF.Recombine.EnableBokehSettings:0    ; no bokeh simulation on slight out of focus]]
[2023.06.22-11.50.19:515][  0]LogConfig: Setting CVar [[r.DOF.TemporalAAQuality:1                ; more stable temporal accumulation]]
[2023.06.22-11.50.19:515][  0]LogConfig: Setting CVar [[r.DOF.Kernel.MaxForegroundRadius:0.025]]
[2023.06.22-11.50.19:515][  0]LogConfig: Setting CVar [[r.DOF.Kernel.MaxBackgroundRadius:0.025]]
[2023.06.22-11.50.19:515][  0]LogConfig: Applying CVar settings from Section [TextureQuality@3] File [C:/Users/Nastya/Snake/Snake2D/Saved/Config/Windows/Scalability.ini]
[2023.06.22-11.50.19:515][  0]LogConfig: Setting CVar [[r.Streaming.MipBias:0]]
[2023.06.22-11.50.19:515][  0]LogConfig: Setting CVar [[r.Streaming.AmortizeCPUToGPUCopy:0]]
[2023.06.22-11.50.19:515][  0]LogConfig: Setting CVar [[r.Streaming.MaxNumTexturesToStreamPerFrame:0]]
[2023.06.22-11.50.19:515][  0]LogConfig: Setting CVar [[r.Streaming.Boost:1]]
[2023.06.22-11.50.19:515][  0]LogConfig: Setting CVar [[r.MaxAnisotropy:8]]
[2023.06.22-11.50.19:515][  0]LogConfig: Setting CVar [[r.VT.MaxAnisotropy:8]]
[2023.06.22-11.50.19:515][  0]LogConfig: Setting CVar [[r.Streaming.LimitPoolSizeToVRAM:0]]
[2023.06.22-11.50.19:515][  0]LogConfig: Setting CVar [[r.Streaming.PoolSize:1000]]
[2023.06.22-11.50.19:515][  0]LogConfig: Setting CVar [[r.Streaming.MaxEffectiveScreenSize:0]]
[2023.06.22-11.50.19:515][  0]LogConfig: Applying CVar settings from Section [EffectsQuality@3] File [C:/Users/Nastya/Snake/Snake2D/Saved/Config/Windows/Scalability.ini]
[2023.06.22-11.50.19:515][  0]LogConfig: Setting CVar [[r.TranslucencyLightingVolumeDim:64]]
[2023.06.22-11.50.19:515][  0]LogConfig: Setting CVar [[r.RefractionQuality:2]]
[2023.06.22-11.50.19:515][  0]LogConfig: Setting CVar [[r.SSR.Quality:3]]
[2023.06.22-11.50.19:515][  0]LogConfig: Setting CVar [[r.SSR.HalfResSceneColor:0]]
[2023.06.22-11.50.19:515][  0]LogConfig: Setting CVar [[r.SceneColorFormat:4]]
[2023.06.22-11.50.19:515][  0]LogConfig: Setting CVar [[r.DetailMode:2]]
[2023.06.22-11.50.19:515][  0]LogConfig: Setting CVar [[r.TranslucencyVolumeBlur:1]]
[2023.06.22-11.50.19:515][  0]LogConfig: Setting CVar [[r.MaterialQualityLevel:1 ; High quality]]
[2023.06.22-11.50.19:515][  0]LogConfig: Setting CVar [[r.AnisotropicMaterials:1]]
[2023.06.22-11.50.19:515][  0]LogConfig: Setting CVar [[r.SSS.Scale:1]]
[2023.06.22-11.50.19:515][  0]LogConfig: Setting CVar [[r.SSS.SampleSet:2]]
[2023.06.22-11.50.19:515][  0]LogConfig: Setting CVar [[r.SSS.Quality:1]]
[2023.06.22-11.50.19:515][  0]LogConfig: Setting CVar [[r.SSS.HalfRes:0]]
[2023.06.22-11.50.19:515][  0]LogConfig: Setting CVar [[r.SSGI.Quality:3]]
[2023.06.22-11.50.19:515][  0]LogConfig: Setting CVar [[r.EmitterSpawnRateScale:1.0]]
[2023.06.22-11.50.19:515][  0]LogConfig: Setting CVar [[r.ParticleLightQuality:2]]
[2023.06.22-11.50.19:515][  0]LogConfig: Setting CVar [[r.SkyAtmosphere.AerialPerspectiveLUT.FastApplyOnOpaque:1 ; Always have FastSkyLUT 1 in this case to avoid wrong sky]]
[2023.06.22-11.50.19:515][  0]LogConfig: Setting CVar [[r.SkyAtmosphere.AerialPerspectiveLUT.SampleCountMaxPerSlice:4]]
[2023.06.22-11.50.19:515][  0]LogConfig: Setting CVar [[r.SkyAtmosphere.AerialPerspectiveLUT.DepthResolution:16.0]]
[2023.06.22-11.50.19:515][  0]LogConfig: Setting CVar [[r.SkyAtmosphere.FastSkyLUT:1]]
[2023.06.22-11.50.19:515][  0]LogConfig: Setting CVar [[r.SkyAtmosphere.FastSkyLUT.SampleCountMin:4.0]]
[2023.06.22-11.50.19:515][  0]LogConfig: Setting CVar [[r.SkyAtmosphere.FastSkyLUT.SampleCountMax:128.0]]
[2023.06.22-11.50.19:515][  0]LogConfig: Setting CVar [[r.SkyAtmosphere.SampleCountMin:4.0]]
[2023.06.22-11.50.19:515][  0]LogConfig: Setting CVar [[r.SkyAtmosphere.SampleCountMax:128.0]]
[2023.06.22-11.50.19:515][  0]LogConfig: Setting CVar [[r.SkyAtmosphere.TransmittanceLUT.UseSmallFormat:0]]
[2023.06.22-11.50.19:515][  0]LogConfig: Setting CVar [[r.SkyAtmosphere.TransmittanceLUT.SampleCount:10.0]]
[2023.06.22-11.50.19:515][  0]LogConfig: Setting CVar [[r.SkyAtmosphere.MultiScatteringLUT.SampleCount:15.0]]
[2023.06.22-11.50.19:515][  0]LogConfig: Setting CVar [[r.SkyLight.RealTimeReflectionCapture:1]]
[2023.06.22-11.50.19:515][  0]LogConfig: Applying CVar settings from Section [FoliageQuality@3] File [C:/Users/Nastya/Snake/Snake2D/Saved/Config/Windows/Scalability.ini]
[2023.06.22-11.50.19:515][  0]LogConfig: Setting CVar [[foliage.DensityScale:1.0]]
[2023.06.22-11.50.19:515][  0]LogConfig: Setting CVar [[grass.DensityScale:1.0]]
[2023.06.22-11.50.19:515][  0]LogConfig: Applying CVar settings from Section [ShadingQuality@3] File [C:/Users/Nastya/Snake/Snake2D/Saved/Config/Windows/Scalability.ini]
[2023.06.22-11.50.19:515][  0]LogConfig: Setting CVar [[r.HairStrands.SkyLighting.IntegrationType:2]]
[2023.06.22-11.50.19:515][  0]LogConfig: Setting CVar [[r.HairStrands.SkyAO.SampleCount:4]]
[2023.06.22-11.50.19:515][  0]LogConfig: Setting CVar [[r.HairStrands.Visibility.MSAA.SamplePerPixel:4]]
[2023.06.22-11.50.19:515][  0]LogInit: Selected Device Profile: [Windows]
[2023.06.22-11.50.19:515][  0]LogInit: Applying CVar settings loaded from the selected device profile: [Windows]
[2023.06.22-11.50.19:516][  0]LogHAL: Display: Platform has ~ 16 GB [17107902464 / 17179869184 / 16], which maps to Larger [LargestMinGB=32, LargerMinGB=12, DefaultMinGB=8, SmallerMinGB=6, SmallestMinGB=0)
[2023.06.22-11.50.19:516][  0]LogInit: Going up to parent DeviceProfile []
[2023.06.22-11.50.19:516][  0]LogConfig: Applying CVar settings from Section [ViewDistanceQuality@3] File [C:/Users/Nastya/Snake/Snake2D/Saved/Config/Windows/Scalability.ini]
[2023.06.22-11.50.19:516][  0]LogConfig: Setting CVar [[r.SkeletalMeshLODBias:0]]
[2023.06.22-11.50.19:516][  0]LogConfig: Setting CVar [[r.ViewDistanceScale:1.0]]
[2023.06.22-11.50.19:516][  0]LogConfig: Applying CVar settings from Section [AntiAliasingQuality@3] File [C:/Users/Nastya/Snake/Snake2D/Saved/Config/Windows/Scalability.ini]
[2023.06.22-11.50.19:516][  0]LogConfig: Setting CVar [[r.PostProcessAAQuality:4]]
[2023.06.22-11.50.19:516][  0]LogConfig: Applying CVar settings from Section [ShadowQuality@3] File [C:/Users/Nastya/Snake/Snake2D/Saved/Config/Windows/Scalability.ini]
[2023.06.22-11.50.19:516][  0]LogConfig: Setting CVar [[r.LightFunctionQuality:1]]
[2023.06.22-11.50.19:516][  0]LogConfig: Setting CVar [[r.ShadowQuality:5]]
[2023.06.22-11.50.19:516][  0]LogConfig: Setting CVar [[r.Shadow.CSM.MaxCascades:10]]
[2023.06.22-11.50.19:516][  0]LogConfig: Setting CVar [[r.Shadow.MaxResolution:2048]]
[2023.06.22-11.50.19:516][  0]LogConfig: Setting CVar [[r.Shadow.MaxCSMResolution:2048]]
[2023.06.22-11.50.19:516][  0]LogConfig: Setting CVar [[r.Shadow.RadiusThreshold:0.01]]
[2023.06.22-11.50.19:516][  0]LogConfig: Setting CVar [[r.Shadow.DistanceScale:1.0]]
[2023.06.22-11.50.19:516][  0]LogConfig: Setting CVar [[r.Shadow.CSM.TransitionScale:1.0]]
[2023.06.22-11.50.19:516][  0]LogConfig: Setting CVar [[r.Shadow.PreShadowResolutionFactor:1.0]]
[2023.06.22-11.50.19:516][  0]LogConfig: Setting CVar [[r.DistanceFieldShadowing:1]]
[2023.06.22-11.50.19:516][  0]LogConfig: Setting CVar [[r.DistanceFieldAO:1]]
[2023.06.22-11.50.19:516][  0]LogConfig: Setting CVar [[r.AOQuality:2]]
[2023.06.22-11.50.19:516][  0]LogConfig: Setting CVar [[r.VolumetricFog:1]]
[2023.06.22-11.50.19:516][  0]LogConfig: Setting CVar [[r.VolumetricFog.GridPixelSize:8]]
[2023.06.22-11.50.19:516][  0]LogConfig: Setting CVar [[r.VolumetricFog.GridSizeZ:128]]
[2023.06.22-11.50.19:516][  0]LogConfig: Setting CVar [[r.VolumetricFog.HistoryMissSupersampleCount:4]]
[2023.06.22-11.50.19:516][  0]LogConfig: Setting CVar [[r.LightMaxDrawDistanceScale:1]]
[2023.06.22-11.50.19:516][  0]LogConfig: Setting CVar [[r.CapsuleShadows:1]]
[2023.06.22-11.50.19:516][  0]LogConfig: Applying CVar settings from Section [PostProcessQuality@3] File [C:/Users/Nastya/Snake/Snake2D/Saved/Config/Windows/Scalability.ini]
[2023.06.22-11.50.19:516][  0]LogConfig: Setting CVar [[r.MotionBlurQuality:4]]
[2023.06.22-11.50.19:516][  0]LogConfig: Setting CVar [[r.AmbientOcclusionMipLevelFactor:0.4]]
[2023.06.22-11.50.19:516][  0]LogConfig: Setting CVar [[r.AmbientOcclusionMaxQuality:100]]
[2023.06.22-11.50.19:516][  0]LogConfig: Setting CVar [[r.AmbientOcclusionLevels:-1]]
[2023.06.22-11.50.19:516][  0]LogConfig: Setting CVar [[r.AmbientOcclusionRadiusScale:1.0]]
[2023.06.22-11.50.19:516][  0]LogConfig: Setting CVar [[r.DepthOfFieldQuality:2]]
[2023.06.22-11.50.19:516][  0]LogConfig: Setting CVar [[r.RenderTargetPoolMin:400]]
[2023.06.22-11.50.19:516][  0]LogConfig: Setting CVar [[r.LensFlareQuality:2]]
[2023.06.22-11.50.19:516][  0]LogConfig: Setting CVar [[r.SceneColorFringeQuality:1]]
[2023.06.22-11.50.19:516][  0]LogConfig: Setting CVar [[r.EyeAdaptationQuality:2]]
[2023.06.22-11.50.19:516][  0]LogConfig: Setting CVar [[r.BloomQuality:5]]
[2023.06.22-11.50.19:516][  0]LogConfig: Setting CVar [[r.FastBlurThreshold:100]]
[2023.06.22-11.50.19:516][  0]LogConfig: Setting CVar [[r.Upscale.Quality:3]]
[2023.06.22-11.50.19:516][  0]LogConfig: Setting CVar [[r.Tonemapper.GrainQuantization:1]]
[2023.06.22-11.50.19:516][  0]LogConfig: Setting CVar [[r.LightShaftQuality:1]]
[2023.06.22-11.50.19:516][  0]LogConfig: Setting CVar [[r.Filter.SizeScale:1]]
[2023.06.22-11.50.19:516][  0]LogConfig: Setting CVar [[r.Tonemapper.Quality:5]]
[2023.06.22-11.50.19:516][  0]LogConfig: Setting CVar [[r.DOF.Gather.AccumulatorQuality:1        ; higher gathering accumulator quality]]
[2023.06.22-11.50.19:516][  0]LogConfig: Setting CVar [[r.DOF.Gather.PostfilterMethod:1          ; Median3x3 postfilering method]]
[2023.06.22-11.50.19:516][  0]LogConfig: Setting CVar [[r.DOF.Gather.EnableBokehSettings:0       ; no bokeh simulation when gathering]]
[2023.06.22-11.50.19:516][  0]LogConfig: Setting CVar [[r.DOF.Gather.RingCount:4                 ; medium number of samples when gathering]]
[2023.06.22-11.50.19:516][  0]LogConfig: Setting CVar [[r.DOF.Scatter.ForegroundCompositing:1    ; additive foreground scattering]]
[2023.06.22-11.50.19:516][  0]LogConfig: Setting CVar [[r.DOF.Scatter.BackgroundCompositing:2    ; additive background scattering]]
[2023.06.22-11.50.19:516][  0]LogConfig: Setting CVar [[r.DOF.Scatter.EnableBokehSettings:1      ; bokeh simulation when scattering]]
[2023.06.22-11.50.19:516][  0]LogConfig: Setting CVar [[r.DOF.Scatter.MaxSpriteRatio:0.1         ; only a maximum of 10% of scattered bokeh]]
[2023.06.22-11.50.19:516][  0]LogConfig: Setting CVar [[r.DOF.Recombine.Quality:1                ; cheap slight out of focus]]
[2023.06.22-11.50.19:516][  0]LogConfig: Setting CVar [[r.DOF.Recombine.EnableBokehSettings:0    ; no bokeh simulation on slight out of focus]]
[2023.06.22-11.50.19:516][  0]LogConfig: Setting CVar [[r.DOF.TemporalAAQuality:1                ; more stable temporal accumulation]]
[2023.06.22-11.50.19:516][  0]LogConfig: Setting CVar [[r.DOF.Kernel.MaxForegroundRadius:0.025]]
[2023.06.22-11.50.19:516][  0]LogConfig: Setting CVar [[r.DOF.Kernel.MaxBackgroundRadius:0.025]]
[2023.06.22-11.50.19:516][  0]LogConfig: Applying CVar settings from Section [TextureQuality@3] File [C:/Users/Nastya/Snake/Snake2D/Saved/Config/Windows/Scalability.ini]
[2023.06.22-11.50.19:516][  0]LogConfig: Setting CVar [[r.Streaming.MipBias:0]]
[2023.06.22-11.50.19:516][  0]LogConfig: Setting CVar [[r.Streaming.AmortizeCPUToGPUCopy:0]]
[2023.06.22-11.50.19:516][  0]LogConfig: Setting CVar [[r.Streaming.MaxNumTexturesToStreamPerFrame:0]]
[2023.06.22-11.50.19:516][  0]LogConfig: Setting CVar [[r.Streaming.Boost:1]]
[2023.06.22-11.50.19:516][  0]LogConfig: Setting CVar [[r.MaxAnisotropy:8]]
[2023.06.22-11.50.19:516][  0]LogConfig: Setting CVar [[r.VT.MaxAnisotropy:8]]
[2023.06.22-11.50.19:516][  0]LogConfig: Setting CVar [[r.Streaming.LimitPoolSizeToVRAM:0]]
[2023.06.22-11.50.19:516][  0]LogConfig: Setting CVar [[r.Streaming.PoolSize:1000]]
[2023.06.22-11.50.19:516][  0]LogConfig: Setting CVar [[r.Streaming.MaxEffectiveScreenSize:0]]
[2023.06.22-11.50.19:516][  0]LogConfig: Applying CVar settings from Section [EffectsQuality@3] File [C:/Users/Nastya/Snake/Snake2D/Saved/Config/Windows/Scalability.ini]
[2023.06.22-11.50.19:516][  0]LogConfig: Setting CVar [[r.TranslucencyLightingVolumeDim:64]]
[2023.06.22-11.50.19:516][  0]LogConfig: Setting CVar [[r.RefractionQuality:2]]
[2023.06.22-11.50.19:516][  0]LogConfig: Setting CVar [[r.SSR.Quality:3]]
[2023.06.22-11.50.19:516][  0]LogConfig: Setting CVar [[r.SSR.HalfResSceneColor:0]]
[2023.06.22-11.50.19:516][  0]LogConfig: Setting CVar [[r.SceneColorFormat:4]]
[2023.06.22-11.50.19:516][  0]LogConfig: Setting CVar [[r.DetailMode:2]]
[2023.06.22-11.50.19:516][  0]LogConfig: Setting CVar [[r.TranslucencyVolumeBlur:1]]
[2023.06.22-11.50.19:517][  0]LogConfig: Setting CVar [[r.MaterialQualityLevel:1 ; High quality]]
[2023.06.22-11.50.19:517][  0]LogConfig: Setting CVar [[r.AnisotropicMaterials:1]]
[2023.06.22-11.50.19:517][  0]LogConfig: Setting CVar [[r.SSS.Scale:1]]
[2023.06.22-11.50.19:517][  0]LogConfig: Setting CVar [[r.SSS.SampleSet:2]]
[2023.06.22-11.50.19:517][  0]LogConfig: Setting CVar [[r.SSS.Quality:1]]
[2023.06.22-11.50.19:517][  0]LogConfig: Setting CVar [[r.SSS.HalfRes:0]]
[2023.06.22-11.50.19:517][  0]LogConfig: Setting CVar [[r.SSGI.Quality:3]]
[2023.06.22-11.50.19:517][  0]LogConfig: Setting CVar [[r.EmitterSpawnRateScale:1.0]]
[2023.06.22-11.50.19:517][  0]LogConfig: Setting CVar [[r.ParticleLightQuality:2]]
[2023.06.22-11.50.19:517][  0]LogConfig: Setting CVar [[r.SkyAtmosphere.AerialPerspectiveLUT.FastApplyOnOpaque:1 ; Always have FastSkyLUT 1 in this case to avoid wrong sky]]
[2023.06.22-11.50.19:517][  0]LogConfig: Setting CVar [[r.SkyAtmosphere.AerialPerspectiveLUT.SampleCountMaxPerSlice:4]]
[2023.06.22-11.50.19:517][  0]LogConfig: Setting CVar [[r.SkyAtmosphere.AerialPerspectiveLUT.DepthResolution:16.0]]
[2023.06.22-11.50.19:517][  0]LogConfig: Setting CVar [[r.SkyAtmosphere.FastSkyLUT:1]]
[2023.06.22-11.50.19:517][  0]LogConfig: Setting CVar [[r.SkyAtmosphere.FastSkyLUT.SampleCountMin:4.0]]
[2023.06.22-11.50.19:517][  0]LogConfig: Setting CVar [[r.SkyAtmosphere.FastSkyLUT.SampleCountMax:128.0]]
[2023.06.22-11.50.19:517][  0]LogConfig: Setting CVar [[r.SkyAtmosphere.SampleCountMin:4.0]]
[2023.06.22-11.50.19:517][  0]LogConfig: Setting CVar [[r.SkyAtmosphere.SampleCountMax:128.0]]
[2023.06.22-11.50.19:517][  0]LogConfig: Setting CVar [[r.SkyAtmosphere.TransmittanceLUT.UseSmallFormat:0]]
[2023.06.22-11.50.19:517][  0]LogConfig: Setting CVar [[r.SkyAtmosphere.TransmittanceLUT.SampleCount:10.0]]
[2023.06.22-11.50.19:517][  0]LogConfig: Setting CVar [[r.SkyAtmosphere.MultiScatteringLUT.SampleCount:15.0]]
[2023.06.22-11.50.19:517][  0]LogConfig: Setting CVar [[r.SkyLight.RealTimeReflectionCapture:1]]
[2023.06.22-11.50.19:517][  0]LogConfig: Applying CVar settings from Section [FoliageQuality@3] File [C:/Users/Nastya/Snake/Snake2D/Saved/Config/Windows/Scalability.ini]
[2023.06.22-11.50.19:517][  0]LogConfig: Setting CVar [[foliage.DensityScale:1.0]]
[2023.06.22-11.50.19:517][  0]LogConfig: Setting CVar [[grass.DensityScale:1.0]]
[2023.06.22-11.50.19:517][  0]LogConfig: Applying CVar settings from Section [ShadingQuality@3] File [C:/Users/Nastya/Snake/Snake2D/Saved/Config/Windows/Scalability.ini]
[2023.06.22-11.50.19:517][  0]LogConfig: Setting CVar [[r.HairStrands.SkyLighting.IntegrationType:2]]
[2023.06.22-11.50.19:517][  0]LogConfig: Setting CVar [[r.HairStrands.SkyAO.SampleCount:4]]
[2023.06.22-11.50.19:517][  0]LogConfig: Setting CVar [[r.HairStrands.Visibility.MSAA.SamplePerPixel:4]]
[2023.06.22-11.50.19:517][  0]LogConfig: Applying CVar settings from Section [Startup] File [../../../Engine/Config/ConsoleVariables.ini]
[2023.06.22-11.50.19:517][  0]LogConfig: Setting CVar [[net.UseAdaptiveNetUpdateFrequency:0]]
[2023.06.22-11.50.19:517][  0]LogConfig: Setting CVar [[p.chaos.AllowCreatePhysxBodies:1]]
[2023.06.22-11.50.19:517][  0]LogConfig: Setting CVar [[fx.SkipVectorVMBackendOptimizations:1]]
[2023.06.22-11.50.19:517][  0]LogConfig: Applying CVar settings from Section [ConsoleVariables] File [C:/Users/Nastya/Snake/Snake2D/Saved/Config/Windows/Engine.ini]
[2023.06.22-11.50.19:517][  0]LogConfig: Applying CVar settings from Section [ConsoleVariables] File [C:/Users/Nastya/Snake/Snake2D/Saved/Config/Windows/Editor.ini]
[2023.06.22-11.50.19:517][  0]LogInit: Computer: DESKTOP-CJMC8RD
[2023.06.22-11.50.19:517][  0]LogInit: User: Nastya
[2023.06.22-11.50.19:517][  0]LogInit: CPU Page size=4096, Cores=6
[2023.06.22-11.50.19:517][  0]LogInit: High frequency timer resolution =10.000000 MHz
[2023.06.22-11.50.19:517][  0]LogMemory: Memory total: Physical=15.9GB (16GB approx)
[2023.06.22-11.50.19:517][  0]LogMemory: Platform Memory Stats for Windows
[2023.06.22-11.50.19:517][  0]LogMemory: Process Physical Memory: 143.16 MB used, 143.16 MB peak
[2023.06.22-11.50.19:517][  0]LogMemory: Process Virtual Memory: 129.65 MB used, 129.65 MB peak
[2023.06.22-11.50.19:517][  0]LogMemory: Physical Memory: 9239.36 MB used,  7076.00 MB free, 16315.37 MB total
[2023.06.22-11.50.19:517][  0]LogMemory: Virtual Memory: 134207376.00 MB used,  10355.41 MB free, 134217728.00 MB total
[2023.06.22-11.50.19:523][  0]LogWindows: WindowsPlatformFeatures enabled
[2023.06.22-11.50.19:541][  0]LogInit: Physics initialised using underlying interface: PhysX
[2023.06.22-11.50.19:541][  0]LogInit: Using OS detected language (ru-RU).
[2023.06.22-11.50.19:541][  0]LogInit: Using OS detected locale (ru-RU).
[2023.06.22-11.50.19:544][  0]LogTextLocalizationManager: No specific localization for 'ru-RU' exists, so the 'ru' localization will be used.
[2023.06.22-11.50.19:545][  0]LogTextLocalizationResource: LocRes '../../../Engine/Content/Localization/Editor/ru/Editor.locres' could not be opened for reading!
[2023.06.22-11.50.19:545][  0]LogTextLocalizationResource: LocRes '../../../Engine/Content/Localization/EditorTutorials/ru/EditorTutorials.locres' could not be opened for reading!
[2023.06.22-11.50.19:545][  0]LogTextLocalizationResource: LocRes '../../../Engine/Content/Localization/Keywords/ru/Keywords.locres' could not be opened for reading!
[2023.06.22-11.50.19:545][  0]LogTextLocalizationResource: LocRes '../../../Engine/Content/Localization/Category/ru/Category.locres' could not be opened for reading!
[2023.06.22-11.50.19:545][  0]LogTextLocalizationResource: LocRes '../../../Engine/Content/Localization/ToolTips/ru/ToolTips.locres' could not be opened for reading!
[2023.06.22-11.50.19:545][  0]LogTextLocalizationResource: LocRes '../../../Engine/Content/Localization/PropertyNames/ru/PropertyNames.locres' could not be opened for reading!
[2023.06.22-11.50.19:545][  0]LogTextLocalizationResource: LocRes '../../../Engine/Content/Localization/Engine/ru/Engine.locres' could not be opened for reading!
[2023.06.22-11.50.19:557][  0]LogWindowsTextInputMethodSystem: Display: IME system deactivated.
[2023.06.22-11.50.19:583][  0]LogSlate: New Slate User Created.  User Index 0, Is Virtual User: 0
[2023.06.22-11.50.19:583][  0]LogSlate: Slate User Registered.  User Index 0, Is Virtual User: 0
[2023.06.22-11.50.19:597][  0]LogD3D11RHI: Loaded GFSDK_Aftermath_Lib.x64.dll
[2023.06.22-11.50.19:612][  0]LogHMD: Failed to initialize OpenVR with code 110
[2023.06.22-11.50.19:612][  0]LogD3D11RHI: D3D11 min allowed feature level: 11_0
[2023.06.22-11.50.19:612][  0]LogD3D11RHI: D3D11 max allowed feature level: 11_0
[2023.06.22-11.50.19:612][  0]LogD3D11RHI: D3D11 adapters:
[2023.06.22-11.50.19:728][  0]LogD3D11RHI:    0. 'AMD Radeon RX 6600 XT' (Feature Level 11_0)
[2023.06.22-11.50.19:728][  0]LogD3D11RHI:       8147/0/8157 MB DedicatedVideo/DedicatedSystem/SharedSystem, Outputs:1, VendorId:0x1002
[2023.06.22-11.50.19:730][  0]LogD3D11RHI:    1. 'Microsoft Basic Render Driver' (Feature Level 11_0)
[2023.06.22-11.50.19:730][  0]LogD3D11RHI:       0/0/8157 MB DedicatedVideo/DedicatedSystem/SharedSystem, Outputs:0, VendorId:0x1414
[2023.06.22-11.50.19:730][  0]LogD3D11RHI: Chosen D3D11 Adapter:
[2023.06.22-11.50.19:730][  0]LogD3D11RHI:     Description : AMD Radeon RX 6600 XT
[2023.06.22-11.50.19:730][  0]LogD3D11RHI:     VendorId    : 1002
[2023.06.22-11.50.19:730][  0]LogD3D11RHI:     DeviceId    : 73ff
[2023.06.22-11.50.19:730][  0]LogD3D11RHI:     SubSysId    : 5d31043
[2023.06.22-11.50.19:730][  0]LogD3D11RHI:     Revision    : 00c1
[2023.06.22-11.50.19:730][  0]LogD3D11RHI:     DedicatedVideoMemory : 8542969856 bytes
[2023.06.22-11.50.19:730][  0]LogD3D11RHI:     DedicatedSystemMemory : 0 bytes
[2023.06.22-11.50.19:730][  0]LogD3D11RHI:     SharedSystemMemory : 8553951232 bytes
[2023.06.22-11.50.19:730][  0]LogD3D11RHI:     AdapterLuid : 0 48998
[2023.06.22-11.50.19:736][  0]LogD3D11RHI: Creating new Direct3DDevice
[2023.06.22-11.50.19:737][  0]LogD3D11RHI:     GPU DeviceId: 0x73ff (for the marketing name, search the web for "GPU Device Id")
[2023.06.22-11.50.19:737][  0]LogWindows: EnumDisplayDevices:
[2023.06.22-11.50.19:737][  0]LogWindows:    0. 'AMD Radeon RX 6600 XT' (P:1 D:1)
[2023.06.22-11.50.19:737][  0]LogWindows:    1. 'AMD Radeon RX 6600 XT' (P:0 D:0)
[2023.06.22-11.50.19:737][  0]LogWindows:    2. 'AMD Radeon RX 6600 XT' (P:0 D:0)
[2023.06.22-11.50.19:738][  0]LogWindows:    3. 'AMD Radeon RX 6600 XT' (P:0 D:0)
[2023.06.22-11.50.19:738][  0]LogWindows:    4. 'AMD Radeon RX 6600 XT' (P:0 D:0)
[2023.06.22-11.50.19:738][  0]LogWindows:    5. 'AMD Radeon RX 6600 XT' (P:0 D:0)
[2023.06.22-11.50.19:738][  0]LogWindows: DebugString: FoundDriverCount:6 
[2023.06.22-11.50.19:738][  0]LogD3D11RHI:     Adapter Name: AMD Radeon RX 6600 XT
[2023.06.22-11.50.19:738][  0]LogD3D11RHI:   Driver Version: AMD Software: Adrenalin Edition 22.20.27.09 (internal:31.0.12027.9001, unified:31.0.12027.9001)
[2023.06.22-11.50.19:738][  0]LogD3D11RHI:      Driver Date: 3-30-2023
[2023.06.22-11.50.19:738][  0]LogRHI: Texture pool is 5165 MB (70% of 7379 MB)
[2023.06.22-11.50.19:764][  0]LogD3D11RHI: Creating D3DDevice with AMD AGS, using adapter:
[2023.06.22-11.50.19:764][  0]LogD3D11RHI:     Description : AMD Radeon RX 6600 XT
[2023.06.22-11.50.19:764][  0]LogD3D11RHI:     VendorId    : 1002
[2023.06.22-11.50.19:764][  0]LogD3D11RHI:     DeviceId    : 73ff
[2023.06.22-11.50.19:764][  0]LogD3D11RHI:     SubSysId    : 5d31043
[2023.06.22-11.50.19:764][  0]LogD3D11RHI:     Revision    : 00c1
[2023.06.22-11.50.19:764][  0]LogD3D11RHI:     DedicatedVideoMemory : 8542969856 bytes
[2023.06.22-11.50.19:764][  0]LogD3D11RHI:     DedicatedSystemMemory : 0 bytes
[2023.06.22-11.50.19:764][  0]LogD3D11RHI:     SharedSystemMemory : 8553951232 bytes
[2023.06.22-11.50.19:764][  0]LogD3D11RHI:     AdapterLuid : 0 48998
[2023.06.22-11.50.19:841][  0]LogD3D11RHI: Created device via AGS, feature level 11_0, supported extensions 1fffffbf.
[2023.06.22-11.50.19:841][  0]LogD3D11RHI: RHI has support for 64 bit atomics
[2023.06.22-11.50.19:841][  0]LogD3D11RHI: Async texture creation enabled
[2023.06.22-11.50.19:841][  0]LogD3D11RHI: Array index from any shader is supported
[2023.06.22-11.50.19:856][  0]LogD3D11RHI: GPU Timing Frequency: 100.000000 (Debug: 2 1)
[2023.06.22-11.50.20:108][  0]LogTargetPlatformManager: Display: Loaded TargetPlatform 'WindowsNoEditor'
[2023.06.22-11.50.20:111][  0]LogTargetPlatformManager: Display: Loaded TargetPlatform 'Windows'
[2023.06.22-11.50.20:115][  0]LogTargetPlatformManager: Display: Loaded TargetPlatform 'WindowsClient'
[2023.06.22-11.50.20:118][  0]LogTargetPlatformManager: Display: Loaded TargetPlatform 'WindowsServer'
[2023.06.22-11.50.20:118][  0]LogTargetPlatformManager: Display: Building Assets For Windows
[2023.06.22-11.50.20:124][  0]LogAudioDebug: Display: Lib vorbis DLL was dynamically loaded.
[2023.06.22-11.50.20:146][  0]LogTextureFormatOodle: Display: Oodle Texture 2.9.0 init RDO Off
[2023.06.22-11.50.20:171][  0]LogRendererCore: Ray tracing is disabled. Reason: r.RayTracing=0.
[2023.06.22-11.50.20:171][  0]LogShaderCompilers: Guid format shader working directory is 18 characters bigger than the processId version (C:/Users/Nastya/Snake/Snake2D/Intermediate/Shaders/WorkingDirectory/1920/).
[2023.06.22-11.50.20:171][  0]LogShaderCompilers: Cleaned the shader compiler working directory 'C:/Users/Nastya/AppData/Local/Temp/UnrealShaderWorkingDir/99A5D4E94272295723C9FE9D1B7655F5/'.
[2023.06.22-11.50.20:171][  0]LogXGEController: Cannot use XGE Controller as Incredibuild is not installed on this machine.
[2023.06.22-11.50.20:171][  0]LogShaderCompilers: Cannot use XGE Shader Compiler as Incredibuild is not installed on this machine.
[2023.06.22-11.50.20:171][  0]LogShaderCompilers: Display: Using Local Shader Compiler.
[2023.06.22-11.50.20:818][  0]LogDerivedDataCache: Display: Max Cache Size: 512 MB
[2023.06.22-11.50.20:879][  0]LogDerivedDataCache: Loaded boot cache 0.06s 94MB C:/Users/Nastya/AppData/Local/UnrealEngine/4.27/DerivedDataCache/Boot.ddc.
[2023.06.22-11.50.20:879][  0]LogDerivedDataCache: Display: Loaded Boot cache: C:/Users/Nastya/AppData/Local/UnrealEngine/4.27/DerivedDataCache/Boot.ddc
[2023.06.22-11.50.20:880][  0]LogDerivedDataCache: FDerivedDataBackendGraph:  Pak pak cache file C:/Users/Nastya/Snake/Snake2D/DerivedDataCache/DDC.ddp not found, will not use a pak cache.
[2023.06.22-11.50.20:880][  0]LogDerivedDataCache: Unable to find inner node Pak for hierarchical cache Hierarchy.
[2023.06.22-11.50.20:880][  0]LogDerivedDataCache: FDerivedDataBackendGraph:  CompressedPak pak cache file C:/Users/Nastya/Snake/Snake2D/DerivedDataCache/Compressed.ddp not found, will not use a pak cache.
[2023.06.22-11.50.20:880][  0]LogDerivedDataCache: Unable to find inner node CompressedPak for hierarchical cache Hierarchy.
[2023.06.22-11.50.20:898][  0]LogDerivedDataCache: Display: Pak cache opened for reading ../../../Engine/DerivedDataCache/Compressed.ddp.
[2023.06.22-11.50.20:898][  0]LogDerivedDataCache: FDerivedDataBackendGraph:  EnterprisePak pak cache file ../../../Enterprise/DerivedDataCache/Compressed.ddp not found, will not use a pak cache.
[2023.06.22-11.50.20:898][  0]LogDerivedDataCache: Unable to find inner node EnterprisePak for hierarchical cache Hierarchy.
[2023.06.22-11.50.20:904][  0]LogDerivedDataCache: Speed tests for C:/Users/Nastya/AppData/Local/UnrealEngine/Common/DerivedDataCache took 0.01 seconds
[2023.06.22-11.50.20:905][  0]LogDerivedDataCache: Display: Performance to C:/Users/Nastya/AppData/Local/UnrealEngine/Common/DerivedDataCache: Latency=0.03ms. RandomReadSpeed=1501.43MBs, RandomWriteSpeed=162.79MBs. Assigned SpeedClass 'Local'
[2023.06.22-11.50.20:906][  0]LogDerivedDataCache: Using Local data cache path C:/Users/Nastya/AppData/Local/UnrealEngine/Common/DerivedDataCache: Writable
[2023.06.22-11.50.20:906][  0]LogDerivedDataCache: Shared data cache path not found in *engine.ini, will not use an Shared cache.
[2023.06.22-11.50.20:906][  0]LogDerivedDataCache: Unable to find inner node Shared for hierarchical cache Hierarchy.
[2023.06.22-11.50.20:968][  0]LogSlate: Using FreeType 2.10.0
[2023.06.22-11.50.20:969][  0]LogSlate: SlateFontServices - WITH_FREETYPE: 1, WITH_HARFBUZZ: 1
[2023.06.22-11.50.21:042][  0]LogInit: Using OS detected language (ru-RU).
[2023.06.22-11.50.21:042][  0]LogInit: Using OS detected locale (ru-RU).
[2023.06.22-11.50.21:042][  0]LogTextLocalizationManager: No localization for 'ru-RU' exists, so 'en' will be used for the language.
[2023.06.22-11.50.21:042][  0]LogTextLocalizationManager: No localization for 'ru-RU' exists, so 'en' will be used for the locale.
[2023.06.22-11.50.21:042][  0]LogSlate: FontCache flush requested. Reason: Culture for localization was changed
[2023.06.22-11.50.21:042][  0]LogSlate: FontCache flush requested. Reason: Culture for localization was changed
[2023.06.22-11.50.21:059][  0]LogAssetRegistry: FAssetRegistry took 0.0017 seconds to start up
[2023.06.22-11.50.21:217][  0]LogTextLocalizationManager: Compacting localization data took   0.01ms
[2023.06.22-11.50.21:217][  0]LogPackageLocalizationCache: Processed 27 localized package path(s) for 1 prioritized culture(s) in 0.001005 seconds
[2023.06.22-11.50.21:278][  0]LogInit: Selected Device Profile: [Windows]
[2023.06.22-11.50.21:278][  0]LogInit: Active device profile: [000001E640E52C00][000001E641B89B80 49] Windows
[2023.06.22-11.50.21:278][  0]LogInit: Profiles: [000001E640E52C00][000001E641B89B80 49] Windows, [000001E640DF1600][000001E641B90180 49] WindowsNoEditor, [000001E640E52300][000001E641B94300 49] WindowsServer, [000001E640DF1E00][000001E641B98480 49] WindowsClient, [000001E640E51D00][000001E641B9C600 49] IOS, [000001E640DF2400][000001E641BA0780 49] iPadAir, [000001E640E51800][000001E641BA4900 49] iPadAir2, [000001E640D91500][000001E641BACBC0 49] IPadPro, [000001E640D91600][000001E641BA8C00 49] iPadAir3, [000001E640DF2500][000001E641BB0D80 49] iPadAir4, [000001E640D92500][000001E641BB4F00 49] iPadMini2, [000001E640DF3B00][000001E641BB9080 49] iPadMini3, [000001E640D93100][000001E641BBD200 49] iPadMini4, [000001E640DF3800][000001E641B8D340 49] iPadMini5, [000001E640DAD100][000001E641BC5580 49] iPhone6, [000001E640DAD200][000001E641BC15C0 49] iPodTouch6, [000001E640E52100][000001E641BD1840 49] iPhone7, [000001E640E53300][000001E641BC9880 49] iPodTouch7, [000001E640D92A00][000001E641BD5A00 49] iPhone5S, [000001E640DAC200][000001E641BD9B80 49] iPhone6Plus, [000001E640E50900][000001E641BDC180 49] iPhone6S, [000001E640DAF500][000001E641BE0300 49] iPhone6SPlus, [000001E640D91700][000001E641BE4480 49] iPhone7Plus, [000001E640DAEA00][000001E641BE8600 49] iPhoneSE, [000001E640D92200][000001E641BEC780 49] iPhone8, [000001E640DAC900][000001E641BF0900 49] iPhone8Plus, [000001E640D92C00][000001E641BF4A80 49] iPhoneX, [000001E640DAD900][000001E641BF8C00 49] iPhoneXS, [000001E640D93600][000001E641BFCD80 49] iPhoneXSMax, [000001E640DACE00][000001E641C00F00 49] iPhoneXR, [000001E640D92E00][000001E641C05080 49] iPhone11, [000001E640DAE100][000001E641C09200 49] iPhone11Pro, [000001E640D92900][000001E641C0D380 49] iPhone11ProMax, [000001E640DAF800][000001E641BCD4C0 49] iPhoneSE2, [000001E640D92400][000001E641C11600 49] iPhone12Mini, [000001E640DAE300][000001E641C15740 49] iPhone12, [000001E640D93D00][000001E641C19880 49] iPhone12Pro, [000001E640DAF600][000001E641C21A00 49] iPhone12ProMax, [000001E640D90300][000001E641C25B80 49] iPadPro105, [000001E640DACD00][000001E641C28180 49] iPadPro129, [000001E640D93B00][000001E641C2C300 49] iPadPro97, [000001E640DAC500][000001E641C30480 49] iPadPro2_129, [000001E640D90D00][000001E641C34600 49] iPad5, [000001E640DAD700][000001E641C38780 49] iPad6, [000001E640D91D00][000001E641C3C900 49] iPad7, [000001E640DACB00][000001E641C40A80 49] iPad8, [000001E640D93A00][000001E641C44C00 49] iPadPro11, [000001E640DAFE00][000001E641C48D80 49] iPadPro2_11, [000001E640D93800][000001E641C4CF00 49] iPadPro3_129, [000001E640DAF900][000001E641C51080 49] iPadPro4_129, [000001E640D92100][000001E641C55200 49] AppleTV, [000001E640DAFC00][000001E641C59380 49] AppleTV4K, [000001E640D93C00][000001E641C5D500 49] TVOS, [000001E640DAC600][000001E641C61680 49] Mac, [000001E640D91A00][000001E641C1D7C0 49] MacClient, [000001E640DAE200][000001E641C65900 49] MacNoEditor, [000001E640D92700][000001E641C69A40 49] MacServer, [000001E640DAD800][000001E641C71BC0 49] Linux, [000001E640D90C00][000001E641C741C0 49] LinuxAArch64, [000001E640DAEC00][000001E641C78340 49] LinuxNoEditor, [000001E640D90100][000001E641C7C4C0 49] LinuxAArch64NoEditor, [000001E640DAFF00][000001E641C80640 49] LinuxClient, [000001E640D93400][000001E641C847C0 49] LinuxAArch64Client, [000001E640DADE00][000001E641C88940 49] LinuxServer, [000001E640D90700][000001E641C8CAC0 49] LinuxAArch64Server, [000001E640DAE600][000001E641C90C40 49] Android, [000001E640D93700][000001E641C94DC0 49] Android_Low, [000001E640DAF200][000001E641C98F40 49] Android_Mid, [000001E640D92B00][000001E641C9D0C0 49] Android_High, [000001E640DAFB00][000001E641CA1240 49] Android_Default, [000001E640D90900][000001E641CA53C0 49] Android_Adreno4xx, [000001E640DAEF00][000001E641CA9540 49] Android_Adreno5xx_Low, [000001E640D93200][000001E641CAD6C0 49] Android_Adreno5xx, [000001E640DAF400][000001E641CB1840 49] Android_Adreno6xx, [000001E640D92000][000001E641C6D980 49] Android_Adreno6xx_Vulkan, [000001E640DAE000][000001E641CB5AC0 49] Android_Mali_T6xx, [000001E640D92D00][000001E641CB9C00 49] Android_Mali_T7xx, [000001E640DAEE00][000001E641CBC1C0 49] Android_Mali_T8xx, [000001E640DF1A00][000001E641CC4340 49] Android_Mali_G71, [000001E640E53500][000001E641CC84C0 49] Android_Mali_G72, [000001E640DF3400][000001E641CCC640 49] Android_Mali_G72_Vulkan, [000001E640E52000][000001E641CD07C0 49] Android_Mali_G76, [000001E640DF1B00][000001E641CD4940 49] Android_Mali_G76_Vulkan, [000001E640E52600][000001E641CD8AC0 49] Android_Mali_G77, [000001E640DF2800][000001E641CDCC40 49] Android_Mali_G77_Vulkan, [000001E640E52200][000001E641CE0DC0 49] Android_Mali_G78, [000001E640DF1300][000001E641CE4F40 49] Android_Mali_G78_Vulkan, [000001E640E52E00][000001E641CE90C0 49] Android_Mali_G710, [000001E640DF2700][000001E641CED280 49] Android_Mali_G710_Vulkan, [000001E640E51200][000001E641CF1400 49] Android_Vulkan_SM5, [000001E640DF3A00][000001E641CF5580 49] Android_PowerVR_G6xxx, [000001E640E53400][000001E641CF9700 49] Android_PowerVR_GT7xxx, [000001E640DF2000][000001E641CFD880 49] Android_PowerVR_GE8xxx, [000001E640E50500][000001E641D01A00 49] Android_PowerVR_GM9xxx, [000001E640DF0F00][000001E641CC1B40 49] Android_PowerVR_GM9xxx_Vulkan, [000001E640E50D00][000001E641D04100 49] Android_TegraK1, [000001E640DF2100][000001E641D08240 49] Android_Unknown_Vulkan, [000001E640E50700][000001E641D0C380 49] Lumin, [000001E640DF3D00][000001E641D14500 49] Lumin_Desktop, [000001E640E53600][000001E641D18680 49] HoloLens, 
[2023.06.22-11.50.21:378][  0]LogMeshReduction: Using QuadricMeshReduction for automatic static mesh reduction
[2023.06.22-11.50.21:378][  0]LogMeshReduction: Using SimplygonMeshReduction for automatic skeletal mesh reduction
[2023.06.22-11.50.21:378][  0]LogMeshReduction: Using ProxyLODMeshReduction for automatic mesh merging
[2023.06.22-11.50.21:378][  0]LogMeshReduction: No distributed automatic mesh merging module available
[2023.06.22-11.50.21:378][  0]LogMeshMerging: No distributed automatic mesh merging module available
[2023.06.22-11.50.21:394][  0]LogNetVersion: Snake2D 1.0.0, NetCL: 17155196, EngineNetVer: 17, GameNetVer: 0 (Checksum: 2830999889)
[2023.06.22-11.50.21:601][  0]LogTexture: Default maximum texture size for cubemaps generated from long-lat sources has been changed from 512 to unlimited. In order to preserve old behaiour for '/Engine/MapTemplates/Sky/DaylightAmbientCubemap.DaylightAmbientCubemap', its maximum texture size has been explicitly set to 512.
[2023.06.22-11.50.21:650][  0]LogHMD: PokeAHoleMaterial loaded successfully
[2023.06.22-11.50.21:785][  0]LogMoviePlayer: Initializing movie player
[2023.06.22-11.50.21:880][  0]LogNiagaraDebuggerClient: Niagara Debugger Client Initialized | Session: FB71AC374028ADA6BAA95797C06B7F16 | Instance: 8A018508493EB120358CF1928EB1A0ED (DESKTOP-CJMC8RD-1920).
[2023.06.22-11.50.21:897][  0]LogCollectionManager: Loaded 0 collections in 0.000684 seconds
[2023.06.22-11.50.21:900][  0]LogFileCache: Scanning file cache for directory 'C:/Users/Nastya/Snake/Snake2D/Saved/Collections/' took 0.00s
[2023.06.22-11.50.21:900][  0]LogFileCache: Scanning file cache for directory 'C:/Users/Nastya/Snake/Snake2D/Content/Developers/Nastya/Collections/' took 0.00s
[2023.06.22-11.50.21:900][  0]LogFileCache: Scanning file cache for directory 'C:/Users/Nastya/Snake/Snake2D/Content/Collections/' took 0.00s
[2023.06.22-11.50.21:900][  0]LogCollectionManager: Fixed up redirectors for 0 collections in 0.000001 seconds (updated 0 objects)
[2023.06.22-11.50.21:919][  0]LogPython: Using Python 3.7.7
[2023.06.22-11.50.22:386][  0]LogTcpMessaging: Initializing TcpMessaging bridge
[2023.06.22-11.50.22:391][  0]LogUdpMessaging: Initializing bridge on interface 0.0.0.0:0 to multicast group 230.0.0.1:6666.
[2023.06.22-11.50.22:455][  0]SourceControl: Source control is disabled
[2023.06.22-11.50.22:455][  0]SourceControl: Source control is disabled
[2023.06.22-11.50.22:457][  0]SourceControl: Source control is disabled
[2023.06.22-11.50.22:461][  0]LogUProjectInfo: Found projects:
[2023.06.22-11.50.22:525][  0]LogOpenImageDenoise: OIDN starting up
[2023.06.22-11.50.22:551][  0]LogAndroidPermission: UAndroidPermissionCallbackProxy::GetInstance
[2023.06.22-11.50.22:566][  0]LogAudioCaptureCore: Display: No Audio Capture implementations found. Audio input will be silent.
[2023.06.22-11.50.22:566][  0]LogAudioCaptureCore: Display: No Audio Capture implementations found. Audio input will be silent.
[2023.06.22-11.50.22:622][  0]LogOcInput: OculusInput pre-init called
[2023.06.22-11.50.22:630][  0]LogUObjectArray: 22121 objects as part of root set at end of initial load.
[2023.06.22-11.50.22:630][  0]LogUObjectAllocator: 5975632 out of 0 bytes used by permanent object pool.
[2023.06.22-11.50.22:630][  0]LogUObjectArray: CloseDisregardForGC: 0/0 objects in disregard for GC pool
[2023.06.22-11.50.22:676][  0]LogEngine: Initializing Engine...
[2023.06.22-11.50.22:677][  0]LogHMD: Failed to enumerate extensions. Please check that you have a valid OpenXR runtime installed.
[2023.06.22-11.50.22:678][  0]LogHMD: Failed to initialize OpenVR with code 110
[2023.06.22-11.50.22:678][  0]LogMagicLeap: Warning: VR disabled because ZI is not enabled.  To enable, in the editor, Edit -> Project Settings -> Plugins -> Magic Leap Plugin -> Enable Zero Iteration
[2023.06.22-11.50.22:679][  0]LogStats: UGameplayTagsManager::InitializeManager -  0.000 s
[2023.06.22-11.50.22:765][  0]LogInit: Initializing FReadOnlyCVARCache
[2023.06.22-11.50.22:766][  0]LogAudio: Display: Initializing Audio Device Manager...
[2023.06.22-11.50.22:769][  0]LogAudio: Display: Loading Default Audio Settings Objects...
[2023.06.22-11.50.22:769][  0]LogAudio: Display: No default SoundConcurrencyObject specified (or failed to load).
[2023.06.22-11.50.22:770][  0]LogAudio: Display: Audio Device Manager Initialized
[2023.06.22-11.50.22:770][  0]LogAudio: Display: Creating Audio Device:                 Id: 1, Scope: Shared, Realtime: True
[2023.06.22-11.50.22:770][  0]LogAudioMixer: Display: Audio Mixer Platform Settings:
[2023.06.22-11.50.22:770][  0]LogAudioMixer: Display: 	Sample Rate:						  48000
[2023.06.22-11.50.22:770][  0]LogAudioMixer: Display: 	Callback Buffer Frame Size Requested: 1024
[2023.06.22-11.50.22:770][  0]LogAudioMixer: Display: 	Callback Buffer Frame Size To Use:	  1024
[2023.06.22-11.50.22:770][  0]LogAudioMixer: Display: 	Number of buffers to queue:			  2
[2023.06.22-11.50.22:770][  0]LogAudioMixer: Display: 	Max Channels (voices):				  32
[2023.06.22-11.50.22:770][  0]LogAudioMixer: Display: 	Number of Async Source Workers:		  0
[2023.06.22-11.50.22:770][  0]LogAudio: Display: AudioDevice MaxSources: 32
[2023.06.22-11.50.22:770][  0]LogAudio: Display: Audio Spatialization Plugin: None (built-in).
[2023.06.22-11.50.22:770][  0]LogAudio: Display: Audio Reverb Plugin: None (built-in).
[2023.06.22-11.50.22:770][  0]LogAudio: Display: Audio Occlusion Plugin: None (built-in).
[2023.06.22-11.50.22:770][  0]LogAudioMixer: Display: Initializing audio mixer.
[2023.06.22-11.50.22:778][  0]LogAudioMixer: Display: 0: FrontLeft
[2023.06.22-11.50.22:778][  0]LogAudioMixer: Display: 1: FrontRight
[2023.06.22-11.50.22:789][  0]LogAudioMixer: Display: Using Audio Device Наушники (GXT  248  streaming  Microphone)
[2023.06.22-11.50.22:796][  0]LogAudioMixer: Display: Initializing Sound Submixes...
[2023.06.22-11.50.22:797][  0]LogAudioMixer: Display: Creating Master Submix 'MasterSubmixDefault'
[2023.06.22-11.50.22:797][  0]LogAudioMixer: Display: Creating Master Submix 'MasterReverbSubmixDefault'
[2023.06.22-11.50.22:798][  0]LogAudioMixer: Display: Creating Master Submix 'MasterEQSubmixDefault'
[2023.06.22-11.50.22:798][  0]LogAudioMixer: FMixerPlatformXAudio2::StartAudioStream() called
[2023.06.22-11.50.22:798][  0]LogAudioMixer: Display: Output buffers initialized: Frames=1024, Channels=2, Samples=2048
[2023.06.22-11.50.22:799][  0]LogAudioMixer: Display: Starting AudioMixerPlatformInterface::RunInternal()
[2023.06.22-11.50.22:799][  0]LogAudioMixer: Display: FMixerPlatformXAudio2::SubmitBuffer() called for the first time
[2023.06.22-11.50.22:799][  0]LogInit: FAudioDevice initialized.
[2023.06.22-11.50.22:809][  0]LogNetVersion: Set ProjectVersion to 1.0.0.0. Version Checksum will be recalculated on next use.
[2023.06.22-11.50.22:809][  0]LogInit: Texture streaming: Enabled
[2023.06.22-11.50.23:005][  0]LogAudio: Display: Audio Device (ID: 1) registered with world 'Untitled'.
[2023.06.22-11.50.23:024][  0]LogSlate: Updating window title bar state: overlay mode, drag disabled, window buttons hidden, title bar hidden
[2023.06.22-11.50.23:024][  0]LogInit: Display: Game Engine Initialized.
[2023.06.22-11.50.23:033][  0]LogNiagaraEditor: GEditor isn't valid! Particle reset commands will not work for Niagara components!
[2023.06.22-11.50.23:123][  0]LogInit: Display: Starting Game.
[2023.06.22-11.50.23:123][  0]LogNet: Browse: /Game/Maps/Gameplay?Name=Player
[2023.06.22-11.50.23:124][  0]LogLoad: LoadMap: /Game/Maps/Gameplay?Name=Player
[2023.06.22-11.50.23:124][  0]LogWorld: BeginTearingDown for /Temp/Untitled_0
[2023.06.22-11.50.23:124][  0]LogWorld: UWorld::CleanupWorld for Untitled, bSessionEnded=true, bCleanupResources=true
[2023.06.22-11.50.23:125][  0]LogSlate: InvalidateAllWidgets triggered.  All widgets were invalidated
[2023.06.22-11.50.23:127][  0]LogAudio: Display: Audio Device unregistered from world 'None'.
[2023.06.22-11.50.23:130][  0]LogUObjectHash: Compacting FUObjectHashTables data took   0.82ms
[2023.06.22-11.50.23:246][  0]LogAudio: Display: Audio Device (ID: 1) registered with world 'Gameplay'.
[2023.06.22-11.50.23:253][  0]LogAIModule: Creating AISystem for world Gameplay
[2023.06.22-11.50.23:253][  0]LogLoad: Game class is 'GameModeBase'
[2023.06.22-11.50.23:262][  0]LogWorld: Bringing World /Game/Maps/Gameplay.Gameplay up for play (max tick rate 0) at 2023.06.22-14.50.23
[2023.06.22-11.50.23:262][  0]LogWorld: Bringing up level for play took: 0.000835
[2023.06.22-11.50.23:262][  0]LogGameMode: FindPlayerStart: PATHS NOT DEFINED or NO PLAYERSTART with positive rating
[2023.06.22-11.50.23:272][  0]LogViewport: Display: Viewport MouseCaptureMode Changed, CapturePermanently_IncludingInitialMouseDown -> CapturePermanently
[2023.06.22-11.50.23:273][  0]LogLoad: Took 0.149017 seconds to LoadMap(/Game/Maps/Gameplay)
[2023.06.22-11.50.23:308][  0]LogSlate: Took 0.000157 seconds to synchronously load lazily loaded font '../../../Engine/Content/Slate/Fonts/Roboto-Regular.ttf' (155K)
[2023.06.22-11.50.23:330][  0]LogRenderer: Reallocating scene render targets to support 1280x720 Format 10 NumSamples 1 (Frame:1).
[2023.06.22-11.50.23:330][  0]LogInit: Display: Engine is initialized. Leaving FEngineLoop::Init()
[2023.06.22-11.50.23:330][  0]LogLoad: (Engine Initialization) Total time: 4.82 seconds
[2023.06.22-11.50.23:330][  0]LogLoad: (Engine Initialization) Total Blueprint compile time: 0.00 seconds
[2023.06.22-11.50.23:364][  0]LogContentStreaming: Texture pool size now 1000 MB
[2023.06.22-11.50.23:366][  0]LogSlate: InvalidateAllWidgets triggered.  All widgets were invalidated
[2023.06.22-11.50.23:406][  1]LogSlate: Took 0.000141 seconds to synchronously load lazily loaded font '../../../Engine/Content/Slate/Fonts/Roboto-Regular.ttf' (155K)
[2023.06.22-11.50.35:654][424]LogSlate: Window 'Snake2D (64-bit Development PCD3D_SM5) ' being destroyed
[2023.06.22-11.50.35:655][424]LogWindowsTextInputMethodSystem: Display: IME system deactivated.
[2023.06.22-11.50.35:661][424]LogSlate: Updating window title bar state: overlay mode, drag disabled, window buttons hidden, title bar hidden
[2023.06.22-11.50.35:661][424]LogEngine: All Windows Closed
[2023.06.22-11.50.35:661][424]LogWindows: FPlatformMisc::RequestExit(0)
[2023.06.22-11.50.35:661][424]LogWindows: FPlatformMisc::RequestExitWithStatus(0, 0)
[2023.06.22-11.50.35:661][424]LogCore: Engine exit requested (reason: Win RequestExit)
[2023.06.22-11.50.35:661][425]LogCore: Engine exit requested (reason: EngineExit() was called; note: exit was already requested)
[2023.06.22-11.50.35:661][425]LogInit: Display: PreExit Game.
[2023.06.22-11.50.35:672][425]LogWorld: BeginTearingDown for /Game/Maps/Gameplay
[2023.06.22-11.50.35:672][425]LogWorld: UWorld::CleanupWorld for Gameplay, bSessionEnded=true, bCleanupResources=true
[2023.06.22-11.50.35:672][425]LogSlate: InvalidateAllWidgets triggered.  All widgets were invalidated
[2023.06.22-11.50.35:684][425]LogAudio: Display: Beginning Audio Device Manager Shutdown (Module: AudioMixerXAudio2)...
[2023.06.22-11.50.35:684][425]LogAudio: Display: Destroying 1 Remaining Audio Device(s)...
[2023.06.22-11.50.35:684][425]LogAudio: Display: Audio Device unregistered from world 'Gameplay'.
[2023.06.22-11.50.35:722][425]LogAudioMixer: FMixerPlatformXAudio2::StopAudioStream() called
[2023.06.22-11.50.35:723][425]LogAudioMixer: FMixerPlatformXAudio2::StopAudioStream() called
[2023.06.22-11.50.35:725][425]LogAudio: Display: Audio Device Manager Shutdown
[2023.06.22-11.50.35:728][425]LogExit: Preparing to exit.
[2023.06.22-11.50.36:416][425]LogSlate: Updating window title bar state: overlay mode, drag disabled, window buttons hidden, title bar hidden
[2023.06.22-11.50.36:418][425]LogUObjectHash: Compacting FUObjectHashTables data took   0.83ms
[2023.06.22-11.50.36:439][425]LogMoviePlayer: Shutting down movie player
[2023.06.22-11.50.36:523][425]LogDemo: Cleaned up 0 splitscreen connections with owner deletion
[2023.06.22-11.50.36:527][425]LogExit: Game engine shut down
[2023.06.22-11.50.36:565][425]LogExit: Object subsystem successfully closed.
[2023.06.22-11.50.36:574][425]LogShaderCompilers: Display: === FShaderJobCache stats ===
[2023.06.22-11.50.36:574][425]LogShaderCompilers: Display: Total job queries 0, among them cache hits 0 (0.00%)
[2023.06.22-11.50.36:574][425]LogShaderCompilers: Display: Tracking 0 distinct input hashes that result in 0 distinct outputs (0.00%)
[2023.06.22-11.50.36:574][425]LogShaderCompilers: Display: RAM used: 0.00 MB (0.00 GB) of 819.20 MB (0.80 GB) budget. Usage: 0.00%
[2023.06.22-11.50.36:574][425]LogShaderCompilers: Display: ================================================
[2023.06.22-11.50.36:585][425]LogShaderCompilers: Display: Shaders left to compile 0
[2023.06.22-11.50.36:591][425]LogModuleManager: Shutting down and abandoning module SequenceRecorderSections (558)
[2023.06.22-11.50.36:591][425]LogModuleManager: Shutting down and abandoning module SequenceRecorder (556)
[2023.06.22-11.50.36:591][425]LogModuleManager: Shutting down and abandoning module AutomationController (554)
[2023.06.22-11.50.36:591][425]LogModuleManager: Shutting down and abandoning module AutomationWorker (552)
[2023.06.22-11.50.36:591][425]LogModuleManager: Shutting down and abandoning module Voice (550)
[2023.06.22-11.50.36:591][425]LogModuleManager: Shutting down and abandoning module AIModule (548)
[2023.06.22-11.50.36:591][425]LogModuleManager: Shutting down and abandoning module GameplayDebugger (547)
[2023.06.22-11.50.36:591][425]LogModuleManager: Shutting down and abandoning module AITestSuite (545)
[2023.06.22-11.50.36:591][425]LogModuleManager: Shutting down and abandoning module NavigationSystem (543)
[2023.06.22-11.50.36:591][425]LogModuleManager: Shutting down and abandoning module SteamVREditor (540)
[2023.06.22-11.50.36:591][425]LogModuleManager: Shutting down and abandoning module ToolMenus (539)
[2023.06.22-11.50.36:591][425]LogModuleManager: Shutting down and abandoning module OculusMR (536)
[2023.06.22-11.50.36:591][425]LogModuleManager: Shutting down and abandoning module TakeRecorderSources (534)
[2023.06.22-11.50.36:591][425]LogModuleManager: Shutting down and abandoning module TakeRecorder (533)
[2023.06.22-11.50.36:591][425]LogModuleManager: Shutting down and abandoning module TakeTrackRecorders (530)
[2023.06.22-11.50.36:591][425]LogModuleManager: Shutting down and abandoning module TakesCore (528)
[2023.06.22-11.50.36:591][425]LogModuleManager: Shutting down and abandoning module OpenXRInput (526)
[2023.06.22-11.50.36:591][425]LogModuleManager: Shutting down and abandoning module WebMMediaFactory (524)
[2023.06.22-11.50.36:591][425]LogModuleManager: Shutting down and abandoning module WebMMedia (522)
[2023.06.22-11.50.36:591][425]LogModuleManager: Shutting down and abandoning module WmfMediaFactory (520)
[2023.06.22-11.50.36:591][425]LogModuleManager: Shutting down and abandoning module OpenExrWrapper (518)
[2023.06.22-11.50.36:591][425]LogModuleManager: Shutting down and abandoning module ImgMediaFactory (516)
[2023.06.22-11.50.36:591][425]LogModuleManager: Shutting down and abandoning module MagicLeapMediaCodecFactory (514)
[2023.06.22-11.50.36:591][425]LogModuleManager: Shutting down and abandoning module MagicLeapMediaFactory (512)
[2023.06.22-11.50.36:591][425]LogModuleManager: Shutting down and abandoning module AvfMediaFactory (510)
[2023.06.22-11.50.36:591][425]LogModuleManager: Shutting down and abandoning module PlanarCut (508)
[2023.06.22-11.50.36:591][425]LogModuleManager: Shutting down and abandoning module CharacterAI (506)
[2023.06.22-11.50.36:591][425]LogModuleManager: Shutting down and abandoning module SessionServices (504)
[2023.06.22-11.50.36:591][425]LogModuleManager: Shutting down and abandoning module MovieSceneCapture (502)
[2023.06.22-11.50.36:591][425]LogModuleManager: Shutting down and abandoning module LiveCoding (500)
[2023.06.22-11.50.36:592][425]LogModuleManager: Shutting down and abandoning module LevelSequence (498)
[2023.06.22-11.50.36:592][425]LogModuleManager: Shutting down and abandoning module MovieSceneTracks (496)
[2023.06.22-11.50.36:592][425]LogModuleManager: Shutting down and abandoning module MovieScene (494)
[2023.06.22-11.50.36:592][425]LogModuleManager: Shutting down and abandoning module StreamingPauseRendering (492)
[2023.06.22-11.50.36:592][425]LogModuleManager: Shutting down and abandoning module PortalServices (490)
[2023.06.22-11.50.36:592][425]LogModuleManager: Shutting down and abandoning module PortalRpc (488)
[2023.06.22-11.50.36:592][425]LogModuleManager: Shutting down and abandoning module MessagingRpc (486)
[2023.06.22-11.50.36:592][425]LogModuleManager: Shutting down and abandoning module AudioMixerXAudio2 (484)
[2023.06.22-11.50.36:592][425]LogModuleManager: Shutting down and abandoning module AudioMixerCore (483)
[2023.06.22-11.50.36:592][425]LogModuleManager: Shutting down and abandoning module ImageWriteQueue (480)
[2023.06.22-11.50.36:594][425]LogModuleManager: Shutting down and abandoning module ProfilerService (478)
[2023.06.22-11.50.36:647][425]LogModuleManager: Shutting down and abandoning module TaskGraph (476)
[2023.06.22-11.50.36:647][425]LogModuleManager: Shutting down and abandoning module OculusInput (474)
[2023.06.22-11.50.36:647][425]LogModuleManager: Shutting down and abandoning module Synthesis (472)
[2023.06.22-11.50.36:647][425]LogModuleManager: Shutting down and abandoning module TakeMovieScene (470)
[2023.06.22-11.50.36:647][425]LogModuleManager: Shutting down and abandoning module ProceduralMeshComponent (468)
[2023.06.22-11.50.36:647][425]LogModuleManager: Shutting down and abandoning module MobilePatchingUtils (466)
[2023.06.22-11.50.36:647][425]LogModuleManager: Shutting down and abandoning module GooglePAD (464)
[2023.06.22-11.50.36:647][425]LogModuleManager: Shutting down and abandoning module EditableMesh (462)
[2023.06.22-11.50.36:647][425]LogModuleManager: Shutting down and abandoning module CableComponent (460)
[2023.06.22-11.50.36:647][425]LogModuleManager: Shutting down and abandoning module CustomMeshComponent (458)
[2023.06.22-11.50.36:647][425]LogModuleManager: Shutting down and abandoning module AudioCapture (456)
[2023.06.22-11.50.36:647][425]LogModuleManager: Shutting down and abandoning module AudioCaptureRtAudio (455)
[2023.06.22-11.50.36:647][425]LogModuleManager: Shutting down and abandoning module AssetTags (452)
[2023.06.22-11.50.36:647][425]LogModuleManager: Shutting down and abandoning module ArchVisCharacter (450)
[2023.06.22-11.50.36:647][425]LogModuleManager: Shutting down and abandoning module AppleImageUtilsBlueprintSupport (448)
[2023.06.22-11.50.36:647][425]LogModuleManager: Shutting down and abandoning module AppleImageUtils (446)
[2023.06.22-11.50.36:648][425]LogModuleManager: Shutting down and abandoning module AndroidPermission (444)
[2023.06.22-11.50.36:648][425]LogModuleManager: Shutting down and abandoning module ActorLayerUtilities (442)
[2023.06.22-11.50.36:648][425]LogModuleManager: Shutting down and abandoning module TemplateSequence (440)
[2023.06.22-11.50.36:648][425]LogModuleManager: Shutting down and abandoning module MediaCompositing (438)
[2023.06.22-11.50.36:648][425]LogModuleManager: Shutting down and abandoning module ImgMedia (436)
[2023.06.22-11.50.36:648][425]LogModuleManager: Shutting down and abandoning module MagicLeapSharedWorld (434)
[2023.06.22-11.50.36:648][425]LogModuleManager: Shutting down and abandoning module MagicLeapLightEstimation (432)
[2023.06.22-11.50.36:648][425]LogModuleManager: Shutting down and abandoning module MagicLeapHelperVulkan (430)
[2023.06.22-11.50.36:648][425]LogModuleManager: Shutting down and abandoning module MagicLeapHelperOpenGL (428)
[2023.06.22-11.50.36:648][425]LogModuleManager: Shutting down and abandoning module MagicLeapAudio (426)
[2023.06.22-11.50.36:648][425]LogModuleManager: Shutting down and abandoning module OpenImageDenoise (424)
[2023.06.22-11.50.36:648][425]LogOpenImageDenoise: OIDN shutting down
[2023.06.22-11.50.36:648][425]LogModuleManager: Shutting down and abandoning module MotoSynth (422)
[2023.06.22-11.50.36:648][425]LogModuleManager: Shutting down and abandoning module MeshConversion (420)
[2023.06.22-11.50.36:648][425]LogModuleManager: Shutting down and abandoning module DynamicMesh (418)
[2023.06.22-11.50.36:648][425]LogModuleManager: Shutting down and abandoning module GeometryAlgorithms (416)
[2023.06.22-11.50.36:648][425]LogModuleManager: Shutting down and abandoning module GeometricObjects (414)
[2023.06.22-11.50.36:648][425]LogModuleManager: Shutting down and abandoning module GeometryCollectionTracks (412)
[2023.06.22-11.50.36:648][425]LogModuleManager: Shutting down and abandoning module GeometryCollectionSequencer (411)
[2023.06.22-11.50.36:648][425]LogModuleManager: Shutting down and abandoning module GeometryCacheTracks (408)
[2023.06.22-11.50.36:648][425]LogModuleManager: Shutting down and abandoning module GeometryCacheSequencer (407)
[2023.06.22-11.50.36:648][425]LogModuleManager: Shutting down and abandoning module GeometryCache (404)
[2023.06.22-11.50.36:648][425]LogModuleManager: Shutting down and abandoning module GeometryCacheEd (403)
[2023.06.22-11.50.36:648][425]LogModuleManager: Shutting down and abandoning module ChaosNiagara (400)
[2023.06.22-11.50.36:648][425]LogModuleManager: Shutting down and abandoning module FieldSystemEngine (399)
[2023.06.22-11.50.36:648][425]LogModuleManager: Shutting down and abandoning module OodleNetworkHandlerComponent (396)
[2023.06.22-11.50.36:648][425]LogModuleManager: Shutting down and abandoning module AutomationUtils (394)
[2023.06.22-11.50.36:648][425]LogModuleManager: Shutting down and abandoning module BackChannel (392)
[2023.06.22-11.50.36:648][425]LogModuleManager: Shutting down and abandoning module VisualStudioSourceCodeAccess (390)
[2023.06.22-11.50.36:648][425]LogModuleManager: Shutting down and abandoning module HotReload (389)
[2023.06.22-11.50.36:648][425]LogModuleManager: Shutting down and abandoning module VisualStudioCodeSourceCodeAccess (386)
[2023.06.22-11.50.36:648][425]LogModuleManager: Shutting down and abandoning module UObjectPlugin (384)
[2023.06.22-11.50.36:648][425]LogModuleManager: Shutting down and abandoning module SubversionSourceControl (382)
[2023.06.22-11.50.36:648][425]LogModuleManager: Shutting down and abandoning module PerforceSourceControl (380)
[2023.06.22-11.50.36:648][425]LogModuleManager: Shutting down and abandoning module SourceControl (379)
[2023.06.22-11.50.36:648][425]LogModuleManager: Shutting down and abandoning module CLionSourceCodeAccess (376)
[2023.06.22-11.50.36:648][425]LogModuleManager: Shutting down and abandoning module LiveLinkSequencer (374)
[2023.06.22-11.50.36:648][425]LogModuleManager: Shutting down and abandoning module LiveLinkMovieScene (372)
[2023.06.22-11.50.36:648][425]LogModuleManager: Shutting down and abandoning module LiveLinkGraphNode (370)
[2023.06.22-11.50.36:648][425]LogModuleManager: Shutting down and abandoning module LiveLinkComponents (368)
[2023.06.22-11.50.36:648][425]LogModuleManager: Shutting down and abandoning module LiveLink (366)
[2023.06.22-11.50.37:428][425]LogModuleManager: Shutting down and abandoning module LightPropagationVolumeRuntime (364)
[2023.06.22-11.50.37:428][425]LogModuleManager: Shutting down and abandoning module SoundFields (362)
[2023.06.22-11.50.37:428][425]LogModuleManager: Shutting down and abandoning module RuntimePhysXCooking (360)
[2023.06.22-11.50.37:428][425]LogModuleManager: Shutting down and abandoning module SignificanceManager (358)
[2023.06.22-11.50.37:428][425]LogModuleManager: Shutting down and abandoning module PropertyAccessEditor (356)
[2023.06.22-11.50.37:428][425]LogModuleManager: Shutting down and abandoning module PhysXVehiclesEditor (354)
[2023.06.22-11.50.37:429][425]LogModuleManager: Shutting down and abandoning module LocationServicesBPLibrary (350)
[2023.06.22-11.50.37:429][425]LogModuleManager: Shutting down and abandoning module AudioSynesthesia (348)
[2023.06.22-11.50.37:429][425]LogModuleManager: Shutting down and abandoning module AudioSynesthesiaCore (346)
[2023.06.22-11.50.37:429][425]LogModuleManager: Shutting down and abandoning module UdpMessaging (344)
[2023.06.22-11.50.37:530][425]LogModuleManager: Shutting down and abandoning module ActorSequence (342)
[2023.06.22-11.50.37:530][425]LogModuleManager: Shutting down and abandoning module TcpMessaging (340)
[2023.06.22-11.50.37:631][425]LogModuleManager: Shutting down and abandoning module ImgMediaEngine (338)
[2023.06.22-11.50.37:631][425]LogModuleManager: Shutting down and abandoning module MagicLeapARPin (336)
[2023.06.22-11.50.37:631][425]LogModuleManager: Shutting down and abandoning module MagicLeapHandMeshing (334)
[2023.06.22-11.50.37:631][425]LogModuleManager: Shutting down and abandoning module MagicLeapSecureStorage (332)
[2023.06.22-11.50.37:631][425]LogModuleManager: Shutting down and abandoning module MagicLeapPrivileges (330)
[2023.06.22-11.50.37:631][425]LogModuleManager: Shutting down and abandoning module MagicLeapPlanes (328)
[2023.06.22-11.50.37:631][425]LogMagicLeapPlanes: Planes tracker already destroyed.
[2023.06.22-11.50.37:631][425]LogModuleManager: Shutting down and abandoning module MagicLeapImageTracker (326)
[2023.06.22-11.50.37:631][425]LogModuleManager: Shutting down and abandoning module MagicLeapIdentity (324)
[2023.06.22-11.50.37:631][425]LogModuleManager: Shutting down and abandoning module MagicLeapHandTracking (322)
[2023.06.22-11.50.37:631][425]LogModuleManager: Shutting down and abandoning module MagicLeapEyeTracker (320)
[2023.06.22-11.50.37:631][425]LogModuleManager: Shutting down and abandoning module MagicLeapController (318)
[2023.06.22-11.50.37:631][425]LogModuleManager: Shutting down and abandoning module MagicLeapARPinImpl (316)
[2023.06.22-11.50.37:631][425]LogModuleManager: Shutting down and abandoning module MagicLeapAR (314)
[2023.06.22-11.50.37:631][425]LogModuleManager: Shutting down and abandoning module PythonScriptPlugin (312)
[2023.06.22-11.50.37:631][425]LogModuleManager: Shutting down and abandoning module GameplayTagsEditor (310)
[2023.06.22-11.50.37:631][425]LogModuleManager: Shutting down and abandoning module FacialAnimation (308)
[2023.06.22-11.50.37:631][425]LogModuleManager: Shutting down and abandoning module NiagaraAnimNotifies (306)
[2023.06.22-11.50.37:631][425]LogModuleManager: Shutting down and abandoning module Niagara (304)
[2023.06.22-11.50.37:631][425]LogModuleManager: Shutting down and abandoning module SignalProcessing (303)
[2023.06.22-11.50.37:631][425]LogModuleManager: Shutting down and abandoning module NiagaraEditor (301)
[2023.06.22-11.50.37:631][425]LogModuleManager: Shutting down and abandoning module ContentBrowser (300)
[2023.06.22-11.50.37:631][425]LogModuleManager: Shutting down and abandoning module CollectionManager (299)
[2023.06.22-11.50.37:631][425]LogModuleManager: Shutting down and abandoning module DirectoryWatcher (298)
[2023.06.22-11.50.37:631][425]LogModuleManager: Shutting down and abandoning module ContentBrowserData (295)
[2023.06.22-11.50.37:631][425]LogModuleManager: Shutting down and abandoning module NiagaraCore (290)
[2023.06.22-11.50.37:631][425]LogModuleManager: Shutting down and abandoning module AssetManagerEditor (288)
[2023.06.22-11.50.37:631][425]LogModuleManager: Shutting down and abandoning module TreeMap (287)
[2023.06.22-11.50.37:631][425]LogModuleManager: Shutting down and abandoning module PropertyAccessNode (284)
[2023.06.22-11.50.37:631][425]LogModuleManager: Shutting down and abandoning module AnimationSharing (282)
[2023.06.22-11.50.37:631][425]LogModuleManager: Shutting down and abandoning module GameplayCameras (280)
[2023.06.22-11.50.37:632][425]LogModuleManager: Shutting down and abandoning module EnvironmentQueryEditor (278)
[2023.06.22-11.50.37:632][425]LogModuleManager: Shutting down and abandoning module Paper2D (276)
[2023.06.22-11.50.37:632][425]LogModuleManager: Shutting down and abandoning module WindowsMoviePlayer (274)
[2023.06.22-11.50.37:632][425]LogModuleManager: Shutting down and abandoning module WebMMoviePlayer (272)
[2023.06.22-11.50.37:632][425]LogModuleManager: Shutting down and abandoning module NetworkReplayStreaming (270)
[2023.06.22-11.50.37:632][425]LogModuleManager: Shutting down and abandoning module PacketHandler (268)
[2023.06.22-11.50.37:632][425]LogModuleManager: Shutting down and abandoning module ClothingSystemEditor (266)
[2023.06.22-11.50.37:632][425]LogModuleManager: Shutting down and abandoning module ClothingSystemRuntimeNv (264)
[2023.06.22-11.50.37:632][425]LogModuleManager: Shutting down and abandoning module MediaAssets (262)
[2023.06.22-11.50.37:632][425]LogModuleManager: Shutting down and abandoning module Overlay (260)
[2023.06.22-11.50.37:632][425]LogModuleManager: Shutting down and abandoning module OverlayEditor (259)
[2023.06.22-11.50.37:632][425]LogModuleManager: Shutting down and abandoning module VREditor (256)
[2023.06.22-11.50.37:632][425]LogModuleManager: Shutting down and abandoning module StringTableEditor (254)
[2023.06.22-11.50.37:632][425]LogModuleManager: Shutting down and abandoning module GameplayTasksEditor (252)
[2023.06.22-11.50.37:632][425]LogModuleManager: Shutting down and abandoning module BehaviorTreeEditor (250)
[2023.06.22-11.50.37:632][425]LogModuleManager: Shutting down and abandoning module FunctionalTesting (248)
[2023.06.22-11.50.37:632][425]LogModuleManager: Shutting down and abandoning module CollisionAnalyzer (246)
[2023.06.22-11.50.37:632][425]LogModuleManager: Shutting down and abandoning module WorkspaceMenuStructure (245)
[2023.06.22-11.50.37:632][425]LogModuleManager: Shutting down and abandoning module UMG (242)
[2023.06.22-11.50.37:632][425]LogModuleManager: Shutting down and abandoning module UMGEditor (241)
[2023.06.22-11.50.37:632][425]LogModuleManager: Shutting down and abandoning module Sequencer (240)
[2023.06.22-11.50.37:632][425]LogModuleManager: Shutting down and abandoning module MessageLog (237)
[2023.06.22-11.50.37:645][425]LogModuleManager: Shutting down and abandoning module SlateReflector (232)
[2023.06.22-11.50.37:645][425]LogModuleManager: Shutting down and abandoning module Slate (230)
[2023.06.22-11.50.37:645][425]LogModuleManager: Shutting down and abandoning module SlateCore (228)
[2023.06.22-11.50.37:646][425]LogModuleManager: Shutting down and abandoning module LandscapeEditorUtilities (226)
[2023.06.22-11.50.37:646][425]LogModuleManager: Shutting down and abandoning module UnrealEd (224)
[2023.06.22-11.50.37:646][425]LogModuleManager: Shutting down and abandoning module MRMesh (222)
[2023.06.22-11.50.37:646][425]LogModuleManager: Shutting down and abandoning module Messaging (220)
[2023.06.22-11.50.37:646][425]LogModuleManager: Shutting down and abandoning module SourceCodeAccess (218)
[2023.06.22-11.50.37:646][425]LogModuleManager: Shutting down and abandoning module HeadMountedDisplay (216)
[2023.06.22-11.50.37:646][425]LogModuleManager: Shutting down and abandoning module XAudio2 (214)
[2023.06.22-11.50.37:646][425]LogModuleManager: Shutting down and abandoning module Networking (212)
[2023.06.22-11.50.37:646][425]LogModuleManager: Shutting down and abandoning module Core (210)
[2023.06.22-11.50.37:646][425]LogModuleManager: Shutting down and abandoning module MaterialEditor (208)
[2023.06.22-11.50.37:646][425]LogModuleManager: Shutting down and abandoning module MovieSceneTools (206)
[2023.06.22-11.50.37:646][425]LogModuleManager: Shutting down and abandoning module EditorStyle (205)
[2023.06.22-11.50.37:647][425]LogModuleManager: Shutting down and abandoning module KismetCompiler (202)
[2023.06.22-11.50.37:647][425]LogModuleManager: Shutting down and abandoning module MeshBuilder (200)
[2023.06.22-11.50.37:647][425]LogModuleManager: Shutting down and abandoning module MeshUtilities (198)
[2023.06.22-11.50.37:647][425]LogModuleManager: Shutting down and abandoning module MeshMergeUtilities (197)
[2023.06.22-11.50.37:647][425]LogModuleManager: Shutting down and abandoning module MeshReductionInterface (196)
[2023.06.22-11.50.37:647][425]LogModuleManager: Shutting down and abandoning module MeshBoneReduction (195)
[2023.06.22-11.50.37:647][425]LogModuleManager: Shutting down and abandoning module SkeletalMeshReduction (193)
[2023.06.22-11.50.37:647][425]LogModuleManager: Shutting down and abandoning module ProxyLODMeshReduction (191)
[2023.06.22-11.50.37:647][425]LogModuleManager: Shutting down and abandoning module QuadricMeshReduction (189)
[2023.06.22-11.50.37:647][425]LogModuleManager: Shutting down and abandoning module MaterialBaking (185)
[2023.06.22-11.50.37:647][425]LogModuleManager: Shutting down and abandoning module NullInstallBundleManager (180)
[2023.06.22-11.50.37:647][425]LogModuleManager: Shutting down and abandoning module PIEPreviewDeviceProfileSelector (178)
[2023.06.22-11.50.37:647][425]LogModuleManager: Shutting down and abandoning module DerivedDataCache (176)
[2023.06.22-11.50.37:647][425]LogModuleManager: Shutting down and abandoning module TargetPlatform (174)
[2023.06.22-11.50.37:647][425]LogModuleManager: Shutting down and abandoning module VulkanShaderFormat (173)
[2023.06.22-11.50.37:648][425]LogModuleManager: Shutting down and abandoning module ShaderFormatVectorVM (171)
[2023.06.22-11.50.37:648][425]LogModuleManager: Shutting down and abandoning module ShaderFormatOpenGL (169)
[2023.06.22-11.50.37:648][425]LogModuleManager: Shutting down and abandoning module ShaderFormatD3D (167)
[2023.06.22-11.50.37:648][425]LogModuleManager: Shutting down and abandoning module MetalShaderFormat (165)
[2023.06.22-11.50.37:648][425]LogModuleManager: Shutting down and abandoning module TextureFormatOodle (163)
[2023.06.22-11.50.37:648][425]LogModuleManager: Shutting down and abandoning module TextureFormatUncompressed (161)
[2023.06.22-11.50.37:648][425]LogModuleManager: Shutting down and abandoning module TextureFormatPVR (159)
[2023.06.22-11.50.37:648][425]LogModuleManager: Shutting down and abandoning module TextureFormatETC2 (157)
[2023.06.22-11.50.37:648][425]LogModuleManager: Shutting down and abandoning module TextureFormatDXT (155)
[2023.06.22-11.50.37:648][425]LogModuleManager: Shutting down and abandoning module TextureFormatIntelISPCTexComp (153)
[2023.06.22-11.50.37:648][425]LogModuleManager: Shutting down and abandoning module TextureFormatASTC (151)
[2023.06.22-11.50.37:648][425]LogModuleManager: Shutting down and abandoning module ImageWrapper (150)
[2023.06.22-11.50.37:648][425]LogModuleManager: Shutting down and abandoning module AudioFormatOpus (147)
[2023.06.22-11.50.37:648][425]LogModuleManager: Shutting down and abandoning module AudioFormatOgg (145)
[2023.06.22-11.50.37:648][425]LogModuleManager: Shutting down and abandoning module AudioFormatADPCM (143)
[2023.06.22-11.50.37:648][425]LogModuleManager: Shutting down and abandoning module WindowsServerTargetPlatform (141)
[2023.06.22-11.50.37:648][425]LogModuleManager: Shutting down and abandoning module WindowsClientTargetPlatform (139)
[2023.06.22-11.50.37:648][425]LogModuleManager: Shutting down and abandoning module WindowsTargetPlatform (137)
[2023.06.22-11.50.37:648][425]LogModuleManager: Shutting down and abandoning module WindowsNoEditorTargetPlatform (135)
[2023.06.22-11.50.37:648][425]LogModuleManager: Shutting down and abandoning module D3D11RHI (132)
[2023.06.22-11.50.37:648][425]LogModuleManager: Shutting down and abandoning module InputCore (130)
[2023.06.22-11.50.37:648][425]LogModuleManager: Shutting down and abandoning module Settings (128)
[2023.06.22-11.50.37:648][425]LogModuleManager: Shutting down and abandoning module PhysXCooking (126)
[2023.06.22-11.50.37:648][425]LogModuleManager: Shutting down and abandoning module Chaos (124)
[2023.06.22-11.50.37:648][425]LogModuleManager: Shutting down and abandoning module WindowsPlatformFeatures (122)
[2023.06.22-11.50.37:648][425]LogModuleManager: Shutting down and abandoning module GameplayMediaEncoder (121)
[2023.06.22-11.50.37:648][425]LogModuleManager: Shutting down and abandoning module AVEncoder (120)
[2023.06.22-11.50.37:648][425]LogModuleManager: Shutting down and abandoning module SteamVRInputDevice (116)
[2023.06.22-11.50.37:648][425]LogModuleManager: Shutting down and abandoning module SteamVRInput (114)
[2023.06.22-11.50.37:648][425]LogModuleManager: Shutting down and abandoning module SteamVR (112)
[2023.06.22-11.50.37:648][425]LogHMD: Freeing OpenVRDLLHandle.
[2023.06.22-11.50.37:648][425]LogModuleManager: Shutting down and abandoning module OculusHMD (110)
[2023.06.22-11.50.37:648][425]LogModuleManager: Shutting down and abandoning module OpenXRHandTracking (108)
[2023.06.22-11.50.37:648][425]LogSlate: Slate User Destroyed.  User Index 0, Is Virtual User: 0
[2023.06.22-11.50.37:648][425]LogModuleManager: Shutting down and abandoning module OpenXREyeTracker (106)
[2023.06.22-11.50.37:648][425]LogModuleManager: Shutting down and abandoning module OpenXRAR (104)
[2023.06.22-11.50.37:648][425]LogModuleManager: Shutting down and abandoning module AugmentedReality (103)
[2023.06.22-11.50.37:648][425]LogModuleManager: Shutting down and abandoning module OpenXRHMD (100)
[2023.06.22-11.50.37:648][425]LogModuleManager: Shutting down and abandoning module ExampleDeviceProfileSelector (98)
[2023.06.22-11.50.37:648][425]LogModuleManager: Shutting down and abandoning module ChunkDownloader (96)
[2023.06.22-11.50.37:648][425]LogModuleManager: Shutting down and abandoning module OnlineBlueprintSupport (94)
[2023.06.22-11.50.37:648][425]LogModuleManager: Shutting down and abandoning module LauncherChunkInstaller (90)
[2023.06.22-11.50.37:648][425]LogModuleManager: Shutting down and abandoning module OnlineSubsystem (88)
[2023.06.22-11.50.37:649][425]LogModuleManager: Shutting down and abandoning module XMPP (83)
[2023.06.22-11.50.37:649][425]LogModuleManager: Shutting down and abandoning module WebSockets (82)
[2023.06.22-11.50.37:683][425]LogModuleManager: Shutting down and abandoning module HTTP (79)
[2023.06.22-11.50.37:683][425]LogHttp: Display: cleaning up 0 outstanding Http requests.
[2023.06.22-11.50.37:698][425]LogModuleManager: Shutting down and abandoning module SSL (78)
[2023.06.22-11.50.37:699][425]LogModuleManager: Shutting down and abandoning module WmfMedia (74)
[2023.06.22-11.50.37:701][425]LogModuleManager: Shutting down and abandoning module Media (73)
[2023.06.22-11.50.37:701][425]LogModuleManager: Shutting down and abandoning module MediaInfo (72)
[2023.06.22-11.50.37:701][425]LogModuleManager: Shutting down and abandoning module ExrReaderGpu (68)
[2023.06.22-11.50.37:701][425]LogModuleManager: Shutting down and abandoning module MLSDK (66)
[2023.06.22-11.50.37:701][425]LogModuleManager: Shutting down and abandoning module MagicLeap (64)
[2023.06.22-11.50.37:701][425]LogModuleManager: Shutting down and abandoning module VariantManagerContent (62)
[2023.06.22-11.50.37:701][425]LogModuleManager: Shutting down and abandoning module ChaosCloth (60)
[2023.06.22-11.50.37:701][425]LogModuleManager: Shutting down and abandoning module DatasmithContent (58)
[2023.06.22-11.50.37:702][425]LogModuleManager: Shutting down and abandoning module NiagaraVertexFactories (56)
[2023.06.22-11.50.37:702][425]LogModuleManager: Shutting down and abandoning module NiagaraShader (54)
[2023.06.22-11.50.37:702][425]LogModuleManager: Shutting down and abandoning module PixWinPlugin (52)
[2023.06.22-11.50.37:702][425]LogModuleManager: Shutting down and abandoning module AISupportModule (50)
[2023.06.22-11.50.37:702][425]LogModuleManager: Shutting down and abandoning module DesktopPlatform (48)
[2023.06.22-11.50.37:702][425]LogModuleManager: Shutting down and abandoning module PythonScriptPluginPreload (46)
[2023.06.22-11.50.37:702][425]LogModuleManager: Shutting down and abandoning module PlatformCryptoOpenSSL (44)
[2023.06.22-11.50.37:702][425]LogModuleManager: Shutting down and abandoning module PlatformCryptoTypes (42)
[2023.06.22-11.50.37:702][425]LogModuleManager: Shutting down and abandoning module PlatformCrypto (40)
[2023.06.22-11.50.37:702][425]LogModuleManager: Shutting down and abandoning module OodleDataCompressionFormat (38)
[2023.06.22-11.50.37:702][425]LogModuleManager: Shutting down and abandoning module XGEController (36)
[2023.06.22-11.50.37:702][425]LogModuleManager: Shutting down and abandoning module AnimationModifiers (34)
[2023.06.22-11.50.37:702][425]LogModuleManager: Shutting down and abandoning module AudioEditor (32)
[2023.06.22-11.50.37:702][425]LogModuleManager: Shutting down and abandoning module PropertyEditor (31)
[2023.06.22-11.50.37:702][425]LogModuleManager: Shutting down and abandoning module TextureCompressor (28)
[2023.06.22-11.50.37:702][425]LogModuleManager: Shutting down and abandoning module RenderCore (26)
[2023.06.22-11.50.37:702][425]LogModuleManager: Shutting down and abandoning module Landscape (24)
[2023.06.22-11.50.37:702][425]LogModuleManager: Shutting down and abandoning module SlateRHIRenderer (22)
[2023.06.22-11.50.37:702][425]LogModuleManager: Shutting down and abandoning module AnimGraphRuntime (20)
[2023.06.22-11.50.37:702][425]LogModuleManager: Shutting down and abandoning module Renderer (18)
[2023.06.22-11.50.37:702][425]LogModuleManager: Shutting down and abandoning module Engine (16)
[2023.06.22-11.50.37:702][425]LogModuleManager: Shutting down and abandoning module CoreUObject (14)
[2023.06.22-11.50.37:702][425]LogModuleManager: Shutting down and abandoning module NetworkFile (12)
[2023.06.22-11.50.37:702][425]LogModuleManager: Shutting down and abandoning module CookedIterativeFile (10)
[2023.06.22-11.50.37:702][425]LogModuleManager: Shutting down and abandoning module StreamingFile (8)
[2023.06.22-11.50.37:703][425]LogModuleManager: Shutting down and abandoning module SandboxFile (6)
[2023.06.22-11.50.37:703][425]LogModuleManager: Shutting down and abandoning module PakFile (4)
[2023.06.22-11.50.37:703][425]LogModuleManager: Shutting down and abandoning module RSA (3)
[2023.06.22-11.50.37:790][425]LogContentStreaming: Display: There are 1 unreleased StreamingManagers
[2023.06.22-11.50.37:799][425]LogD3D11RHI: Shutdown
[2023.06.22-11.50.37:799][425]LogD3D11RHI: CleanupD3DDevice
[2023.06.22-11.50.37:801][425]LogExit: Exiting.
[2023.06.22-11.50.37:803][425]Log file closed, 06/22/23 14:50:37
